cron/ewms_connection: mysql:host=localhost;dbname=db 
DEBSPGMR 
PASSWORD 
Connecting to DB2... 
DRIVER=iSeries Access ODBC Driver;SYSTEM=172.16.1.2;DBQ=MMRSTLIB 
Resource id #10 
Executing SQL: SELECT POMRCH.POMRCV, POMRCH.PONUMB, POMRCH.POUNTS , POMHDR.POSHP1, POEDAT FROM POMRCH 
		LEFT JOIN POMHDR ON POMHDR.PONUMB = POMRCH.PONUMB 
		WHERE POMRCH.POSTAT = 3 
Exporting to CSV 

 Running method cronEWMS::purchaseOrder

 CSV FILE: db2_dump/purchase_order_header_1476762237.csv 

 db2_dump/purchase_order_header_1476762237.csv 
LOAD DATA LOCAL INFILE 'db2_dump/purchase_order_header_1476762237.csv'
					IGNORE
			    	INTO TABLE `wms_purchase_order_lists`
			    	FIELDS TERMINATED BY ','
			    		   ENCLOSED BY '\"'
			    		   ESCAPED BY ''
			    	LINES TERMINATED BY '\n'
			    	IGNORE 1 LINES ( @receiver_no, @purchase_order_no, @total_qty,@shipment_reference_no, @entry_date)
				set id="", receiver_no=@receiver_no, purchase_order_no=@purchase_order_no,    
					total_qty=@total_qty, shipment_reference_no=@shipment_reference_no, entry_date=@entry_date 
Loaded a total of 74 records from this csv file.
Executing SQL: SELECT DISTINCT POMRCD.INUMBR, INVUPC.IUPC, POMRCD.POMRCV,   INVDPT.IDEPT, pomrcd.pomqty, INVDPT.DPTNAM
FROM POMRCD
LEFT JOIN INVUPC ON POMRCD.INUMBR = INVUPC.INUMBR
LEFT JOIN INVMST ON POMRCD.INUMBR = INVMST.INUMBR
LEFT JOIN INVDPT ON INVMST.IDEPT = INVDPT.IDEPT
LEFT JOIN POMRCH ON POMRCD.POMRCV = POMRCH.POMRCV
WHERE POMRCH.POSTAT = 3 AND INVDPT.ISDEPT=0  AND INVDPT.ICLAS=0 AND INVDPT.ISCLAS=0  
Exporting to CSV 

 Running method cronEWMS::purchaseOrderDetails

 CSV FILE: db2_dump/purchase_order_detail_1476762246.csv 

 db2_dump/purchase_order_detail_1476762246.csv 
LOAD DATA LOCAL INFILE 'db2_dump/purchase_order_detail_1476762246.csv'
					IGNORE
			    	INTO TABLE `wms_purchase_order_details`
			    	FIELDS TERMINATED BY ','
			    		   ENCLOSED BY '\"'
			    		   ESCAPED BY ''
			    	LINES TERMINATED BY '\n'
			    	IGNORE 1 LINES (@sku, @upc, @receiver_no, @dept_number, @quantity_ordered,@dept_name) set sku=@sku, upc=@upc, receiver_no=@receiver_no,dept_number=@dept_number,quantity_ordered=@quantity_ordered,division=@dept_name,po_status="1" 
Loaded a total of 445 records from this csv file.
Executing SQL: SELECT   whsmvh.whmove   
FROM  whsmvh
where whsmvh.whmvtp = 2  AND whsmvh.WHMVST = 1 
Exporting to CSV 

 Running method cronEWMS::picklist

 CSV FILE: db2_dump/picklist_header_1476762249.csv 

 db2_dump/picklist_header_1476762249.csv 
LOAD DATA LOCAL INFILE 'db2_dump/picklist_header_1476762249.csv'
					IGNORE
			    	INTO TABLE `wms_picklist`
			    	FIELDS TERMINATED BY ','
			    		   ENCLOSED BY '\"'
			    		   ESCAPED BY ''
			    	LINES TERMINATED BY '\n'
			    	IGNORE 1 LINES (@move_doc_number) set move_doc_number=@move_doc_number 
Loaded a total of 0 records from this csv file.
Executing SQL: SELECT  whmove, invupc.IUPC, Whmfsl, WHMVQR, trfhdr.TRFTLC , trfbdt
from whsmvd
LEFT join invupc on whsmvd.inumbr = invupc.inumbr
LEFT JOIN TRFHDR ON WHSMVD.WHMVSR = TRFHDR.TRFBCH 
Exporting to CSV 

 Running method cronEWMS::picklistDetail

 CSV FILE: db2_dump/picklist_detail_1476762261.csv 

 db2_dump/picklist_detail_1476762261.csv 
LOAD DATA LOCAL INFILE 'db2_dump/picklist_detail_1476762261.csv'
					IGNORE
			    	INTO TABLE `wms_picklist_details`
			    	FIELDS TERMINATED BY ','
			    		   ENCLOSED BY '\"'
			    		   ESCAPED BY ''
			    	LINES TERMINATED BY '\n'
			    	IGNORE 1 LINES (  @move_doc_number, @sku, @from_slot_code, @quantity_to_pick, @store_code, @created_at )
				set  move_doc_number=@move_doc_number, sku=@sku, from_slot_code=@from_slot_code,
					quantity_to_pick=@quantity_to_pick, store_code=@store_code, created_at=@created_at 
Loaded a total of 0 records from this csv file.
Executing SQL: SELECT trfbch, trfflc, trftlc
				FROM trfhdr
				left join tblstr on tblstr.strnum = trfhdr.trftlc 
				WHERE trfsts = 'S' and trftlc != 8001 and trftyp = 1 and tblstr.strtyp='U' 
Exporting to CSV 

 Running method cronEWMS::storeReturn

 CSV FILE: db2_dump/store_return_header_1476762264.csv 

 db2_dump/store_return_header_1476762264.csv 
LOAD DATA LOCAL INFILE 'db2_dump/store_return_header_1476762264.csv'
					IGNORE
			    	INTO TABLE `wms_store_return`
			    	FIELDS TERMINATED BY ','
			    		   ENCLOSED BY '\"'
			    		   ESCAPED BY ''
			    	LINES TERMINATED BY '\n'
			    	IGNORE 1 LINES (@so_no, @from_store_code, @to_store_code) set so_no=@so_no, to_store_code=@to_store_code, from_store_code=@from_store_code 

Fatal error: Uncaught exception 'PDOException' with message 'SQLSTATE[42S22]: Column not found: 1054 Unknown column 'to_store_code' in 'field list'' in C:\xampp\htdocs\rsci-wh-ewms\app\cron\ewms_connection.php:91
Stack trace:
#0 C:\xampp\htdocs\rsci-wh-ewms\app\cron\ewms_connection.php(91): PDO->exec('LOAD DATA LOCAL...')
#1 C:\xampp\htdocs\rsci-wh-ewms\app\cron\ewms_cron_class.php(193): eWMSMigration->import('db2_dump/store_...', 'wms_store_retur...', '(@so_no, @from_...')
#2 C:\xampp\htdocs\rsci-wh-ewms\app\cron\jda\daemon_pulling_po.php(22): cronEWMS->storeReturn()
#3 {main}
  thrown in C:\xampp\htdocs\rsci-wh-ewms\app\cron\ewms_connection.php on line 91
PHP Fatal error:  Uncaught exception 'PDOException' with message 'SQLSTATE[42S22]: Column not found: 1054 Unknown column 'to_store_code' in 'field list'' in C:\xampp\htdocs\rsci-wh-ewms\app\cron\ewms_connection.php:91
Stack trace:
#0 C:\xampp\htdocs\rsci-wh-ewms\app\cron\ewms_connection.php(91): PDO->exec('LOAD DATA LOCAL...')
#1 C:\xampp\htdocs\rsci-wh-ewms\app\cron\ewms_cron_class.php(193): eWMSMigration->import('db2_dump/store_...', 'wms_store_retur...', '(@so_no, @from_...')
#2 C:\xampp\htdocs\rsci-wh-ewms\app\cron\jda\daemon_pulling_po.php(22): cronEWMS->storeReturn()
#3 {main}
  thrown in C:\xampp\htdocs\rsci-wh-ewms\app\cron\ewms_connection.php on line 91
cron/ewms_connection: mysql:host=localhost;dbname=db 
DEBSPGMR 
PASSWORD 
Connecting to DB2... 
DRIVER=iSeries Access ODBC Driver;SYSTEM=172.16.1.2;DBQ=MMRSTLIB 
Resource id #10 
Executing SQL: SELECT POMRCH.POMRCV, POMRCH.PONUMB, POMRCH.POUNTS , POMHDR.POSHP1, POEDAT FROM POMRCH 
		LEFT JOIN POMHDR ON POMHDR.PONUMB = POMRCH.PONUMB 
		WHERE POMRCH.POSTAT = 3 
Exporting to CSV 

 Running method cronEWMS::purchaseOrder

 CSV FILE: db2_dump/purchase_order_header_1476766189.csv 

 db2_dump/purchase_order_header_1476766189.csv 
LOAD DATA LOCAL INFILE 'db2_dump/purchase_order_header_1476766189.csv'
					IGNORE
			    	INTO TABLE `wms_purchase_order_lists`
			    	FIELDS TERMINATED BY ','
			    		   ENCLOSED BY '\"'
			    		   ESCAPED BY ''
			    	LINES TERMINATED BY '\n'
			    	IGNORE 1 LINES ( @receiver_no, @purchase_order_no, @total_qty,@shipment_reference_no, @entry_date)
				set id="", receiver_no=@receiver_no, purchase_order_no=@purchase_order_no,    
					total_qty=@total_qty, shipment_reference_no=@shipment_reference_no, entry_date=@entry_date 
Loaded a total of 71 records from this csv file.
Executing SQL: SELECT DISTINCT POMRCD.INUMBR, INVUPC.IUPC, POMRCD.POMRCV,   INVDPT.IDEPT, pomrcd.pomqty, INVDPT.DPTNAM
FROM POMRCD
LEFT JOIN INVUPC ON POMRCD.INUMBR = INVUPC.INUMBR
LEFT JOIN INVMST ON POMRCD.INUMBR = INVMST.INUMBR
LEFT JOIN INVDPT ON INVMST.IDEPT = INVDPT.IDEPT
LEFT JOIN POMRCH ON POMRCD.POMRCV = POMRCH.POMRCV
WHERE POMRCH.POSTAT = 3 AND INVDPT.ISDEPT=0  AND INVDPT.ICLAS=0 AND INVDPT.ISCLAS=0  
Exporting to CSV 

 Running method cronEWMS::purchaseOrderDetails

 CSV FILE: db2_dump/purchase_order_detail_1476766212.csv 

 db2_dump/purchase_order_detail_1476766212.csv 
LOAD DATA LOCAL INFILE 'db2_dump/purchase_order_detail_1476766212.csv'
					IGNORE
			    	INTO TABLE `wms_purchase_order_details`
			    	FIELDS TERMINATED BY ','
			    		   ENCLOSED BY '\"'
			    		   ESCAPED BY ''
			    	LINES TERMINATED BY '\n'
			    	IGNORE 1 LINES (@sku, @upc, @receiver_no, @dept_number, @quantity_ordered,@dept_name) set sku=@sku, upc=@upc, receiver_no=@receiver_no,dept_number=@dept_number,quantity_ordered=@quantity_ordered,division=@dept_name,po_status="1" 
Loaded a total of 442 records from this csv file.
Executing SQL: SELECT   whsmvh.whmove   
FROM  whsmvh
where whsmvh.whmvtp = 2  AND whsmvh.WHMVST = 1 
Exporting to CSV 

 Running method cronEWMS::picklist

 CSV FILE: db2_dump/picklist_header_1476766223.csv 

 db2_dump/picklist_header_1476766223.csv 
LOAD DATA LOCAL INFILE 'db2_dump/picklist_header_1476766223.csv'
					IGNORE
			    	INTO TABLE `wms_picklist`
			    	FIELDS TERMINATED BY ','
			    		   ENCLOSED BY '\"'
			    		   ESCAPED BY ''
			    	LINES TERMINATED BY '\n'
			    	IGNORE 1 LINES (@move_doc_number) set move_doc_number=@move_doc_number 
Loaded a total of 0 records from this csv file.
Executing SQL: SELECT  whmove, invupc.IUPC, Whmfsl, WHMVQR, trfhdr.TRFTLC , trfbdt
from whsmvd
LEFT join invupc on whsmvd.inumbr = invupc.inumbr
LEFT JOIN TRFHDR ON WHSMVD.WHMVSR = TRFHDR.TRFBCH 
Exporting to CSV 

 Running method cronEWMS::picklistDetail

 CSV FILE: db2_dump/picklist_detail_1476766279.csv 

 db2_dump/picklist_detail_1476766279.csv 
LOAD DATA LOCAL INFILE 'db2_dump/picklist_detail_1476766279.csv'
					IGNORE
			    	INTO TABLE `wms_picklist_details`
			    	FIELDS TERMINATED BY ','
			    		   ENCLOSED BY '\"'
			    		   ESCAPED BY ''
			    	LINES TERMINATED BY '\n'
			    	IGNORE 1 LINES (  @move_doc_number, @sku, @from_slot_code, @quantity_to_pick, @store_code, @created_at )
				set  move_doc_number=@move_doc_number, sku=@sku, from_slot_code=@from_slot_code,
					quantity_to_pick=@quantity_to_pick, store_code=@store_code, created_at=@created_at 
Loaded a total of 0 records from this csv file.
Executing SQL: SELECT trfbch, trfflc, trftlc
				FROM trfhdr
				left join tblstr on tblstr.strnum = trfhdr.trftlc 
				WHERE trfsts = 'S' and trftlc != 8001 and trftyp = 1 and tblstr.strtyp='U' 
Exporting to CSV 

 Running method cronEWMS::storeReturn

 CSV FILE: db2_dump/store_return_header_1476766290.csv 

 db2_dump/store_return_header_1476766290.csv 
LOAD DATA LOCAL INFILE 'db2_dump/store_return_header_1476766290.csv'
					IGNORE
			    	INTO TABLE `wms_store_return`
			    	FIELDS TERMINATED BY ','
			    		   ENCLOSED BY '\"'
			    		   ESCAPED BY ''
			    	LINES TERMINATED BY '\n'
			    	IGNORE 1 LINES (@so_no, @from_store_code, @to_store_code) set so_no=@so_no, to_store_code=@to_store_code, from_store_code=@from_store_code 

Fatal error: Uncaught exception 'PDOException' with message 'SQLSTATE[42S22]: Column not found: 1054 Unknown column 'to_store_code' in 'field list'' in C:\xampp\htdocs\rsci-wh-ewms\app\cron\ewms_connection.php:91
Stack trace:
#0 C:\xampp\htdocs\rsci-wh-ewms\app\cron\ewms_connection.php(91): PDO->exec('LOAD DATA LOCAL...')
#1 C:\xampp\htdocs\rsci-wh-ewms\app\cron\ewms_cron_class.php(193): eWMSMigration->import('db2_dump/store_...', 'wms_store_retur...', '(@so_no, @from_...')
#2 C:\xampp\htdocs\rsci-wh-ewms\app\cron\jda\daemon_pulling_po.php(25): cronEWMS->storeReturn()
#3 {main}
  thrown in C:\xampp\htdocs\rsci-wh-ewms\app\cron\ewms_connection.php on line 91
PHP Fatal error:  Uncaught exception 'PDOException' with message 'SQLSTATE[42S22]: Column not found: 1054 Unknown column 'to_store_code' in 'field list'' in C:\xampp\htdocs\rsci-wh-ewms\app\cron\ewms_connection.php:91
Stack trace:
#0 C:\xampp\htdocs\rsci-wh-ewms\app\cron\ewms_connection.php(91): PDO->exec('LOAD DATA LOCAL...')
#1 C:\xampp\htdocs\rsci-wh-ewms\app\cron\ewms_cron_class.php(193): eWMSMigration->import('db2_dump/store_...', 'wms_store_retur...', '(@so_no, @from_...')
#2 C:\xampp\htdocs\rsci-wh-ewms\app\cron\jda\daemon_pulling_po.php(25): cronEWMS->storeReturn()
#3 {main}
  thrown in C:\xampp\htdocs\rsci-wh-ewms\app\cron\ewms_connection.php on line 91
cron/ewms_connection: mysql:host=localhost;dbname=db 
DEBSPGMR 
PASSWORD 
Connecting to DB2... 
DRIVER=iSeries Access ODBC Driver;SYSTEM=172.16.1.2;DBQ=MMRSTLIB 
Resource id #10 

 Running method cronEWMS::storeReturn

 CSV FILE: db2_dump/store_return_header_1476766290.csv 

 db2_dump/store_return_header_1476766290.csv 
LOAD DATA LOCAL INFILE 'db2_dump/store_return_header_1476766290.csv'
					IGNORE
			    	INTO TABLE `wms_store_return`
			    	FIELDS TERMINATED BY ','
			    		   ENCLOSED BY '\"'
			    		   ESCAPED BY ''
			    	LINES TERMINATED BY '\n'
			    	IGNORE 1 LINES (@so_no, @from_store_code, @to_store_code) set so_no=@so_no, from_store_code=@from_store_code, to_store_code=@to_store_code 

Fatal error: Uncaught exception 'PDOException' with message 'SQLSTATE[42S22]: Column not found: 1054 Unknown column 'to_store_code' in 'field list'' in C:\xampp\htdocs\rsci-wh-ewms\app\cron\ewms_connection.php:91
Stack trace:
#0 C:\xampp\htdocs\rsci-wh-ewms\app\cron\ewms_connection.php(91): PDO->exec('LOAD DATA LOCAL...')
#1 C:\xampp\htdocs\rsci-wh-ewms\app\cron\ewms_cron_class.php(193): eWMSMigration->import('db2_dump/store_...', 'wms_store_retur...', '(@so_no, @from_...')
#2 C:\xampp\htdocs\rsci-wh-ewms\app\cron\jda\daemon_pulling_po.php(25): cronEWMS->storeReturn()
#3 {main}
  thrown in C:\xampp\htdocs\rsci-wh-ewms\app\cron\ewms_connection.php on line 91
PHP Fatal error:  Uncaught exception 'PDOException' with message 'SQLSTATE[42S22]: Column not found: 1054 Unknown column 'to_store_code' in 'field list'' in C:\xampp\htdocs\rsci-wh-ewms\app\cron\ewms_connection.php:91
Stack trace:
#0 C:\xampp\htdocs\rsci-wh-ewms\app\cron\ewms_connection.php(91): PDO->exec('LOAD DATA LOCAL...')
#1 C:\xampp\htdocs\rsci-wh-ewms\app\cron\ewms_cron_class.php(193): eWMSMigration->import('db2_dump/store_...', 'wms_store_retur...', '(@so_no, @from_...')
#2 C:\xampp\htdocs\rsci-wh-ewms\app\cron\jda\daemon_pulling_po.php(25): cronEWMS->storeReturn()
#3 {main}
  thrown in C:\xampp\htdocs\rsci-wh-ewms\app\cron\ewms_connection.php on line 91
cron/ewms_connection: mysql:host=localhost;dbname=db 
DEBSPGMR 
PASSWORD 
Connecting to DB2... 
DRIVER=iSeries Access ODBC Driver;SYSTEM=172.16.1.2;DBQ=MMRSTLIB 
Resource id #10 
Executing SQL: SELECT POMRCH.POMRCV, POMRCH.PONUMB, POMRCH.POUNTS , POMHDR.POSHP1, POEDAT FROM POMRCH 
		LEFT JOIN POMHDR ON POMHDR.PONUMB = POMRCH.PONUMB 
		WHERE POMRCH.POSTAT = 3 
Exporting to CSV 

 Running method cronEWMS::purchaseOrder

 CSV FILE: db2_dump/purchase_order_header_1476767905.csv 

 db2_dump/purchase_order_header_1476767905.csv 
LOAD DATA LOCAL INFILE 'db2_dump/purchase_order_header_1476767905.csv'
					IGNORE
			    	INTO TABLE `wms_purchase_order_lists`
			    	FIELDS TERMINATED BY ','
			    		   ENCLOSED BY '\"'
			    		   ESCAPED BY ''
			    	LINES TERMINATED BY '\n'
			    	IGNORE 1 LINES ( @receiver_no, @purchase_order_no, @total_qty,@shipment_reference_no, @entry_date)
				set id="", receiver_no=@receiver_no, purchase_order_no=@purchase_order_no,    
					total_qty=@total_qty, shipment_reference_no=@shipment_reference_no, entry_date=@entry_date 
Loaded a total of 71 records from this csv file.
Executing SQL: SELECT DISTINCT POMRCD.INUMBR, INVUPC.IUPC, POMRCD.POMRCV,   INVDPT.IDEPT, pomrcd.pomqty, INVDPT.DPTNAM
FROM POMRCD
LEFT JOIN INVUPC ON POMRCD.INUMBR = INVUPC.INUMBR
LEFT JOIN INVMST ON POMRCD.INUMBR = INVMST.INUMBR
LEFT JOIN INVDPT ON INVMST.IDEPT = INVDPT.IDEPT
LEFT JOIN POMRCH ON POMRCD.POMRCV = POMRCH.POMRCV
WHERE POMRCH.POSTAT = 3 AND INVDPT.ISDEPT=0  AND INVDPT.ICLAS=0 AND INVDPT.ISCLAS=0  
Exporting to CSV 

 Running method cronEWMS::purchaseOrderDetails

 CSV FILE: db2_dump/purchase_order_detail_1476767927.csv 

 db2_dump/purchase_order_detail_1476767927.csv 
LOAD DATA LOCAL INFILE 'db2_dump/purchase_order_detail_1476767927.csv'
					IGNORE
			    	INTO TABLE `wms_purchase_order_details`
			    	FIELDS TERMINATED BY ','
			    		   ENCLOSED BY '\"'
			    		   ESCAPED BY ''
			    	LINES TERMINATED BY '\n'
			    	IGNORE 1 LINES (@sku, @upc, @receiver_no, @dept_number, @quantity_ordered,@dept_name) set sku=@sku, upc=@upc, receiver_no=@receiver_no,dept_number=@dept_number,quantity_ordered=@quantity_ordered,division=@dept_name,po_status="1" 
Loaded a total of 442 records from this csv file.
Executing SQL: SELECT   whsmvh.whmove   
FROM  whsmvh
where whsmvh.whmvtp = 2  AND whsmvh.WHMVST = 1 
Exporting to CSV 

 Running method cronEWMS::picklist

 CSV FILE: db2_dump/picklist_header_1476767938.csv 

 db2_dump/picklist_header_1476767938.csv 
LOAD DATA LOCAL INFILE 'db2_dump/picklist_header_1476767938.csv'
					IGNORE
			    	INTO TABLE `wms_picklist`
			    	FIELDS TERMINATED BY ','
			    		   ENCLOSED BY '\"'
			    		   ESCAPED BY ''
			    	LINES TERMINATED BY '\n'
			    	IGNORE 1 LINES (@move_doc_number) set move_doc_number=@move_doc_number 
Loaded a total of 0 records from this csv file.
Executing SQL: SELECT  whmove, invupc.IUPC, Whmfsl, WHMVQR, trfhdr.TRFTLC , trfbdt
from whsmvd
LEFT join invupc on whsmvd.inumbr = invupc.inumbr
LEFT JOIN TRFHDR ON WHSMVD.WHMVSR = TRFHDR.TRFBCH 
Exporting to CSV 

 Running method cronEWMS::picklistDetail

 CSV FILE: db2_dump/picklist_detail_1476767960.csv 

 db2_dump/picklist_detail_1476767960.csv 
LOAD DATA LOCAL INFILE 'db2_dump/picklist_detail_1476767960.csv'
					IGNORE
			    	INTO TABLE `wms_picklist_details`
			    	FIELDS TERMINATED BY ','
			    		   ENCLOSED BY '\"'
			    		   ESCAPED BY ''
			    	LINES TERMINATED BY '\n'
			    	IGNORE 1 LINES (  @move_doc_number, @sku, @from_slot_code, @quantity_to_pick, @store_code, @created_at )
				set  move_doc_number=@move_doc_number, sku=@sku, from_slot_code=@from_slot_code,
					quantity_to_pick=@quantity_to_pick, store_code=@store_code, created_at=@created_at 
Loaded a total of 0 records from this csv file.
Executing SQL: SELECT trfbch, trfflc, trftlc
				FROM trfhdr
				left join tblstr on tblstr.strnum = trfhdr.trftlc 
				WHERE trfsts = 'S' and trftlc != 8001 and trftyp = 1 and tblstr.strtyp='U' 
Exporting to CSV 

 Running method cronEWMS::storeReturn

 CSV FILE: db2_dump/store_return_header_1476767970.csv 

 db2_dump/store_return_header_1476767970.csv 
LOAD DATA LOCAL INFILE 'db2_dump/store_return_header_1476767970.csv'
					IGNORE
			    	INTO TABLE `wms_store_return`
			    	FIELDS TERMINATED BY ','
			    		   ENCLOSED BY '\"'
			    		   ESCAPED BY ''
			    	LINES TERMINATED BY '\n'
			    	IGNORE 1 LINES (@so_no, @from_store_code, @to_store_code) set so_no=@so_no, from_store_code=@from_store_code, to_store_code=@to_store_code 

Fatal error: Uncaught exception 'PDOException' with message 'SQLSTATE[42S22]: Column not found: 1054 Unknown column 'to_store_code' in 'field list'' in C:\xampp\htdocs\rsci-wh-ewms\app\cron\ewms_connection.php:91
Stack trace:
#0 C:\xampp\htdocs\rsci-wh-ewms\app\cron\ewms_connection.php(91): PDO->exec('LOAD DATA LOCAL...')
#1 C:\xampp\htdocs\rsci-wh-ewms\app\cron\ewms_cron_class.php(193): eWMSMigration->import('db2_dump/store_...', 'wms_store_retur...', '(@so_no, @from_...')
#2 C:\xampp\htdocs\rsci-wh-ewms\app\cron\jda\daemon_pulling_po.php(25): cronEWMS->storeReturn()
#3 {main}
  thrown in C:\xampp\htdocs\rsci-wh-ewms\app\cron\ewms_connection.php on line 91
PHP Fatal error:  Uncaught exception 'PDOException' with message 'SQLSTATE[42S22]: Column not found: 1054 Unknown column 'to_store_code' in 'field list'' in C:\xampp\htdocs\rsci-wh-ewms\app\cron\ewms_connection.php:91
Stack trace:
#0 C:\xampp\htdocs\rsci-wh-ewms\app\cron\ewms_connection.php(91): PDO->exec('LOAD DATA LOCAL...')
#1 C:\xampp\htdocs\rsci-wh-ewms\app\cron\ewms_cron_class.php(193): eWMSMigration->import('db2_dump/store_...', 'wms_store_retur...', '(@so_no, @from_...')
#2 C:\xampp\htdocs\rsci-wh-ewms\app\cron\jda\daemon_pulling_po.php(25): cronEWMS->storeReturn()
#3 {main}
  thrown in C:\xampp\htdocs\rsci-wh-ewms\app\cron\ewms_connection.php on line 91
cron/ewms_connection: mysql:host=localhost;dbname=db 
DEBSPGMR 
PASSWORD 
Connecting to DB2... 
DRIVER=iSeries Access ODBC Driver;SYSTEM=172.16.1.2;DBQ=MMRSTLIB 
Resource id #10 
Executing SQL: SELECT trfbch, trfflc, trftlc
				FROM trfhdr
				left join tblstr on tblstr.strnum = trfhdr.trftlc 
				WHERE trfsts = 'S' and trftlc != 8001 and trftyp = 1 and tblstr.strtyp='U' 
Exporting to CSV 

 Running method cronEWMS::storeReturn

 CSV FILE: db2_dump/store_return_header_1476768550.csv 

 db2_dump/store_return_header_1476768550.csv 
LOAD DATA LOCAL INFILE 'db2_dump/store_return_header_1476768550.csv'
					IGNORE
			    	INTO TABLE `wms_store_return`
			    	FIELDS TERMINATED BY ','
			    		   ENCLOSED BY '\"'
			    		   ESCAPED BY ''
			    	LINES TERMINATED BY '\n'
			    	IGNORE 1 LINES (@so_no, @from_store_code, @to_store_code) set so_no=@so_no, from_store_code=@from_store_code, to_store_code=@to_store_code 

Fatal error: Uncaught exception 'PDOException' with message 'SQLSTATE[42S22]: Column not found: 1054 Unknown column 'to_store_code' in 'field list'' in C:\xampp\htdocs\rsci-wh-ewms\app\cron\ewms_connection.php:91
Stack trace:
#0 C:\xampp\htdocs\rsci-wh-ewms\app\cron\ewms_connection.php(91): PDO->exec('LOAD DATA LOCAL...')
#1 C:\xampp\htdocs\rsci-wh-ewms\app\cron\ewms_cron_class.php(193): eWMSMigration->import('db2_dump/store_...', 'wms_store_retur...', '(@so_no, @from_...')
#2 C:\xampp\htdocs\rsci-wh-ewms\app\cron\jda\daemon_pulling_po.php(25): cronEWMS->storeReturn()
#3 {main}
  thrown in C:\xampp\htdocs\rsci-wh-ewms\app\cron\ewms_connection.php on line 91
PHP Fatal error:  Uncaught exception 'PDOException' with message 'SQLSTATE[42S22]: Column not found: 1054 Unknown column 'to_store_code' in 'field list'' in C:\xampp\htdocs\rsci-wh-ewms\app\cron\ewms_connection.php:91
Stack trace:
#0 C:\xampp\htdocs\rsci-wh-ewms\app\cron\ewms_connection.php(91): PDO->exec('LOAD DATA LOCAL...')
#1 C:\xampp\htdocs\rsci-wh-ewms\app\cron\ewms_cron_class.php(193): eWMSMigration->import('db2_dump/store_...', 'wms_store_retur...', '(@so_no, @from_...')
#2 C:\xampp\htdocs\rsci-wh-ewms\app\cron\jda\daemon_pulling_po.php(25): cronEWMS->storeReturn()
#3 {main}
  thrown in C:\xampp\htdocs\rsci-wh-ewms\app\cron\ewms_connection.php on line 91
cron/ewms_connection: mysql:host=localhost;dbname=db 
DEBSPGMR 
PASSWORD 
Connecting to DB2... 
DRIVER=iSeries Access ODBC Driver;SYSTEM=172.16.1.2;DBQ=MMRSTLIB 
Resource id #10 
Executing SQL: SELECT trfdtl.trfbch, INVUPC.IUPC, trfdtl.trfshp
				from trfhdr
				left join trfdtl on trfhdr.trfbch = trfdtl.trfbch
				INNER JOIN INVUPC ON TRFDTL.INUMBR = INVUPC.INUMBR
				WHERE trfhdr.trfsts = 'S' and trfhdr.trftlc != 8001 and trfhdr.trftyp = 1 
Exporting to CSV 

 Running method cronEWMS::storeReturnDetail

 CSV FILE: db2_dump/store_return_detail_1476769610.csv 

 db2_dump/store_return_detail_1476769610.csv 
LOAD DATA LOCAL INFILE 'db2_dump/store_return_detail_1476769610.csv'
					IGNORE
			    	INTO TABLE `wms_store_return_detail`
			    	FIELDS TERMINATED BY ','
			    		   ENCLOSED BY '\"'
			    		   ESCAPED BY ''
			    	LINES TERMINATED BY '\n'
			    	IGNORE 1 LINES (@so_no, @upc, @ordered_qty) set so_no=@so_no, upc=@upc, delivered_qty=@delivered_qty 

Fatal error: Uncaught exception 'PDOException' with message 'SQLSTATE[42S22]: Column not found: 1054 Unknown column 'upc' in 'field list'' in C:\xampp\htdocs\rsci-wh-ewms\app\cron\ewms_connection.php:91
Stack trace:
#0 C:\xampp\htdocs\rsci-wh-ewms\app\cron\ewms_connection.php(91): PDO->exec('LOAD DATA LOCAL...')
#1 C:\xampp\htdocs\rsci-wh-ewms\app\cron\ewms_cron_class.php(204): eWMSMigration->import('db2_dump/store_...', 'wms_store_retur...', '(@so_no, @upc, ...')
#2 C:\xampp\htdocs\rsci-wh-ewms\app\cron\jda\daemon_pulling_po.php(28): cronEWMS->storeReturnDetail()
#3 {main}
  thrown in C:\xampp\htdocs\rsci-wh-ewms\app\cron\ewms_connection.php on line 91
PHP Fatal error:  Uncaught exception 'PDOException' with message 'SQLSTATE[42S22]: Column not found: 1054 Unknown column 'upc' in 'field list'' in C:\xampp\htdocs\rsci-wh-ewms\app\cron\ewms_connection.php:91
Stack trace:
#0 C:\xampp\htdocs\rsci-wh-ewms\app\cron\ewms_connection.php(91): PDO->exec('LOAD DATA LOCAL...')
#1 C:\xampp\htdocs\rsci-wh-ewms\app\cron\ewms_cron_class.php(204): eWMSMigration->import('db2_dump/store_...', 'wms_store_retur...', '(@so_no, @upc, ...')
#2 C:\xampp\htdocs\rsci-wh-ewms\app\cron\jda\daemon_pulling_po.php(28): cronEWMS->storeReturnDetail()
#3 {main}
  thrown in C:\xampp\htdocs\rsci-wh-ewms\app\cron\ewms_connection.php on line 91
cron/ewms_connection: mysql:host=localhost;dbname=db 
DEBSPGMR 
PASSWORD 
Connecting to DB2... 
DRIVER=iSeries Access ODBC Driver;SYSTEM=172.16.1.2;DBQ=MMRSTLIB 
Resource id #10 
Executing SQL: SELECT trfdtl.trfbch, INVUPC.IUPC, trfdtl.trfshp
				from trfhdr
				left join trfdtl on trfhdr.trfbch = trfdtl.trfbch
				INNER JOIN INVUPC ON TRFDTL.INUMBR = INVUPC.INUMBR
				WHERE trfhdr.trfsts = 'S' and trfhdr.trftlc != 8001 and trfhdr.trftyp = 1 
Exporting to CSV 

 Running method cronEWMS::storeReturnDetail

 CSV FILE: db2_dump/store_return_detail_1476769741.csv 

 db2_dump/store_return_detail_1476769741.csv 
LOAD DATA LOCAL INFILE 'db2_dump/store_return_detail_1476769741.csv'
					IGNORE
			    	INTO TABLE `wms_store_return_detail`
			    	FIELDS TERMINATED BY ','
			    		   ENCLOSED BY '\"'
			    		   ESCAPED BY ''
			    	LINES TERMINATED BY '\n'
			    	IGNORE 1 LINES (@so_no, @sku, @ordered_qty) set so_no=@so_no, sku=@sku, delivered_qty=@delivered_qty 
Loaded a total of 575 records from this csv file.
Closing odbc connection... 
Closing pdo connection... 
cron/ewms_connection: mysql:host=localhost;dbname=db 
DEBSPGMR 
PASSWORD 
Connecting to DB2... 
DRIVER=iSeries Access ODBC Driver;SYSTEM=172.16.1.2;DBQ=MMRSTLIB 
Resource id #10 
Executing SQL: SELECT trfbch, trfflc, trftlc
				FROM trfhdr
				left join tblstr on tblstr.strnum = trfhdr.trftlc 
				WHERE trfsts = 'S' and trftlc != 8001 and trftyp = 1 and tblstr.strtyp='U' 
Exporting to CSV 

 Running method cronEWMS::storeReturn

 CSV FILE: db2_dump/store_return_header_1476769930.csv 

 db2_dump/store_return_header_1476769930.csv 
LOAD DATA LOCAL INFILE 'db2_dump/store_return_header_1476769930.csv'
					IGNORE
			    	INTO TABLE `wms_store_return`
			    	FIELDS TERMINATED BY ','
			    		   ENCLOSED BY '\"'
			    		   ESCAPED BY ''
			    	LINES TERMINATED BY '\n'
			    	IGNORE 1 LINES (@so_no, @from_store_code, @to_store_code) set so_no=@so_no, from_store_code=@from_store_code, to_store_code=@to_store_code 

Fatal error: Uncaught exception 'PDOException' with message 'SQLSTATE[42S22]: Column not found: 1054 Unknown column 'to_store_code' in 'field list'' in C:\xampp\htdocs\rsci-wh-ewms\app\cron\ewms_connection.php:91
Stack trace:
#0 C:\xampp\htdocs\rsci-wh-ewms\app\cron\ewms_connection.php(91): PDO->exec('LOAD DATA LOCAL...')
#1 C:\xampp\htdocs\rsci-wh-ewms\app\cron\ewms_cron_class.php(193): eWMSMigration->import('db2_dump/store_...', 'wms_store_retur...', '(@so_no, @from_...')
#2 C:\xampp\htdocs\rsci-wh-ewms\app\cron\jda\daemon_pulling_po.php(25): cronEWMS->storeReturn()
#3 {main}
  thrown in C:\xampp\htdocs\rsci-wh-ewms\app\cron\ewms_connection.php on line 91
PHP Fatal error:  Uncaught exception 'PDOException' with message 'SQLSTATE[42S22]: Column not found: 1054 Unknown column 'to_store_code' in 'field list'' in C:\xampp\htdocs\rsci-wh-ewms\app\cron\ewms_connection.php:91
Stack trace:
#0 C:\xampp\htdocs\rsci-wh-ewms\app\cron\ewms_connection.php(91): PDO->exec('LOAD DATA LOCAL...')
#1 C:\xampp\htdocs\rsci-wh-ewms\app\cron\ewms_cron_class.php(193): eWMSMigration->import('db2_dump/store_...', 'wms_store_retur...', '(@so_no, @from_...')
#2 C:\xampp\htdocs\rsci-wh-ewms\app\cron\jda\daemon_pulling_po.php(25): cronEWMS->storeReturn()
#3 {main}
  thrown in C:\xampp\htdocs\rsci-wh-ewms\app\cron\ewms_connection.php on line 91
cron/ewms_connection: mysql:host=localhost;dbname=db 
DEBSPGMR 
PASSWORD 
Connecting to DB2... 
DRIVER=iSeries Access ODBC Driver;SYSTEM=172.16.1.2;DBQ=MMRSTLIB 
Resource id #10 
Executing SQL: SELECT trfbch, trfflc, trftlc
				FROM trfhdr
				left join tblstr on tblstr.strnum = trfhdr.trftlc 
				WHERE trfsts = 'S' and trftlc != 8001 and trftyp = 1 and tblstr.strtyp='U' 
Exporting to CSV 

 Running method cronEWMS::storeReturn

 CSV FILE: db2_dump/store_return_header_1476771145.csv 

 db2_dump/store_return_header_1476771145.csv 
LOAD DATA LOCAL INFILE 'db2_dump/store_return_header_1476771145.csv'
					IGNORE
			    	INTO TABLE `wms_store_return`
			    	FIELDS TERMINATED BY ','
			    		   ENCLOSED BY '\"'
			    		   ESCAPED BY ''
			    	LINES TERMINATED BY '\n'
			    	IGNORE 1 LINES (@so_no) set so_no=@so_no 
Loaded a total of 2 records from this csv file.
Closing odbc connection... 
Closing pdo connection... 
cron/ewms_connection: mysql:host=localhost;dbname=db 
DEBSPGMR 
PASSWORD 
Connecting to DB2... 
DRIVER=iSeries Access ODBC Driver;SYSTEM=172.16.1.2;DBQ=MMRSTLIB 
Resource id #10 
Executing SQL: SELECT trfhdr.trfbch, trfhdr.trfflc, trfhdr.trftlc
				FROM trfhdr
				left join tblstr on tblstr.strnum = trfhdr.trftlc 
				WHERE trfsts = 'S' and trftlc != 8001 and trftyp = 1 and tblstr.strtyp='U' 
Exporting to CSV 

 Running method cronEWMS::storeReturn

 CSV FILE: db2_dump/store_return_header_1476771466.csv 

 db2_dump/store_return_header_1476771466.csv 
LOAD DATA LOCAL INFILE 'db2_dump/store_return_header_1476771466.csv'
					IGNORE
			    	INTO TABLE `wms_store_return`
			    	FIELDS TERMINATED BY ','
			    		   ENCLOSED BY '\"'
			    		   ESCAPED BY ''
			    	LINES TERMINATED BY '\n'
			    	IGNORE 1 LINES (@so_no) set so_no=@so_no 
Loaded a total of 2 records from this csv file.
Closing odbc connection... 
Closing pdo connection... 
cron/ewms_connection: mysql:host=localhost;dbname=db 
DEBSPGMR 
PASSWORD 
Connecting to DB2... 
DRIVER=iSeries Access ODBC Driver;SYSTEM=172.16.1.2;DBQ=MMRSTLIB 
Resource id #10 
Executing SQL: SELECT trfhdr.trfbch, trfhdr.trfflc, trfhdr.trftlc
				FROM trfhdr
				left join tblstr on tblstr.strnum = trfhdr.trftlc 
				WHERE trfsts = 'S' and trftlc != 8001 and trftyp = 1 and tblstr.strtyp='U' 
Exporting to CSV 

 Running method cronEWMS::storeReturn

 CSV FILE: db2_dump/store_return_header_1476771559.csv 

 db2_dump/store_return_header_1476771559.csv 
LOAD DATA LOCAL INFILE 'db2_dump/store_return_header_1476771559.csv'
					IGNORE
			    	INTO TABLE `wms_store_return`
			    	FIELDS TERMINATED BY ','
			    		   ENCLOSED BY '\"'
			    		   ESCAPED BY ''
			    	LINES TERMINATED BY '\n'
			    	IGNORE 1 LINES (@so_no, @from_store_code, @to_store_code) set so_no=@so_no, from_store_code=@from_store_code, to_store_code=@to_store_code 

Fatal error: Uncaught exception 'PDOException' with message 'SQLSTATE[42S22]: Column not found: 1054 Unknown column 'to_store_code' in 'field list'' in C:\xampp\htdocs\rsci-wh-ewms\app\cron\ewms_connection.php:91
Stack trace:
#0 C:\xampp\htdocs\rsci-wh-ewms\app\cron\ewms_connection.php(91): PDO->exec('LOAD DATA LOCAL...')
#1 C:\xampp\htdocs\rsci-wh-ewms\app\cron\ewms_cron_class.php(193): eWMSMigration->import('db2_dump/store_...', 'wms_store_retur...', '(@so_no, @from_...')
#2 C:\xampp\htdocs\rsci-wh-ewms\app\cron\jda\daemon_pulling_po.php(25): cronEWMS->storeReturn()
#3 {main}
  thrown in C:\xampp\htdocs\rsci-wh-ewms\app\cron\ewms_connection.php on line 91
PHP Fatal error:  Uncaught exception 'PDOException' with message 'SQLSTATE[42S22]: Column not found: 1054 Unknown column 'to_store_code' in 'field list'' in C:\xampp\htdocs\rsci-wh-ewms\app\cron\ewms_connection.php:91
Stack trace:
#0 C:\xampp\htdocs\rsci-wh-ewms\app\cron\ewms_connection.php(91): PDO->exec('LOAD DATA LOCAL...')
#1 C:\xampp\htdocs\rsci-wh-ewms\app\cron\ewms_cron_class.php(193): eWMSMigration->import('db2_dump/store_...', 'wms_store_retur...', '(@so_no, @from_...')
#2 C:\xampp\htdocs\rsci-wh-ewms\app\cron\jda\daemon_pulling_po.php(25): cronEWMS->storeReturn()
#3 {main}
  thrown in C:\xampp\htdocs\rsci-wh-ewms\app\cron\ewms_connection.php on line 91
cron/ewms_connection: mysql:host=localhost;dbname=db 
DEBSPGMR 
PASSWORD 
Connecting to DB2... 
DRIVER=iSeries Access ODBC Driver;SYSTEM=172.16.1.2;DBQ=MMRSTLIB 
Resource id #10 
Executing SQL: SELECT trfhdr.trfbch, trfhdr.trfflc, trfhdr.trftlc
				FROM trfhdr
				left join tblstr on tblstr.strnum = trfhdr.trftlc 
				WHERE trfsts = 'S' and trftlc != 8001 and trftyp = 1 and tblstr.strtyp='U' 
Exporting to CSV 

 Running method cronEWMS::storeReturn

 CSV FILE: db2_dump/store_return_header_1476771630.csv 

 db2_dump/store_return_header_1476771630.csv 
LOAD DATA LOCAL INFILE 'db2_dump/store_return_header_1476771630.csv'
					IGNORE
			    	INTO TABLE `wms_store_return`
			    	FIELDS TERMINATED BY ','
			    		   ENCLOSED BY '\"'
			    		   ESCAPED BY ''
			    	LINES TERMINATED BY '\n'
			    	IGNORE 1 LINES (@so_no, @from_store_code, @to_store_code) set so_no=@so_no, from_store_code=@from_store_code, to_store_code=@to_store_code 

Fatal error: Uncaught exception 'PDOException' with message 'SQLSTATE[42S22]: Column not found: 1054 Unknown column 'to_store_code' in 'field list'' in C:\xampp\htdocs\rsci-wh-ewms\app\cron\ewms_connection.php:91
Stack trace:
#0 C:\xampp\htdocs\rsci-wh-ewms\app\cron\ewms_connection.php(91): PDO->exec('LOAD DATA LOCAL...')
#1 C:\xampp\htdocs\rsci-wh-ewms\app\cron\ewms_cron_class.php(193): eWMSMigration->import('db2_dump/store_...', 'wms_store_retur...', '(@so_no, @from_...')
#2 C:\xampp\htdocs\rsci-wh-ewms\app\cron\jda\daemon_pulling_po.php(25): cronEWMS->storeReturn()
#3 {main}
  thrown in C:\xampp\htdocs\rsci-wh-ewms\app\cron\ewms_connection.php on line 91
PHP Fatal error:  Uncaught exception 'PDOException' with message 'SQLSTATE[42S22]: Column not found: 1054 Unknown column 'to_store_code' in 'field list'' in C:\xampp\htdocs\rsci-wh-ewms\app\cron\ewms_connection.php:91
Stack trace:
#0 C:\xampp\htdocs\rsci-wh-ewms\app\cron\ewms_connection.php(91): PDO->exec('LOAD DATA LOCAL...')
#1 C:\xampp\htdocs\rsci-wh-ewms\app\cron\ewms_cron_class.php(193): eWMSMigration->import('db2_dump/store_...', 'wms_store_retur...', '(@so_no, @from_...')
#2 C:\xampp\htdocs\rsci-wh-ewms\app\cron\jda\daemon_pulling_po.php(25): cronEWMS->storeReturn()
#3 {main}
  thrown in C:\xampp\htdocs\rsci-wh-ewms\app\cron\ewms_connection.php on line 91
cron/ewms_connection: mysql:host=localhost;dbname=db 
DEBSPGMR 
PASSWORD 
Connecting to DB2... 
DRIVER=iSeries Access ODBC Driver;SYSTEM=172.16.1.2;DBQ=MMRSTLIB 
Resource id #10 
Executing SQL: SELECT trfhdr.trfbch, trfhdr.trfflc, trfhdr.trftlc
				FROM trfhdr
				left join tblstr on tblstr.strnum = trfhdr.trftlc 
				WHERE trfsts = 'S' and trftlc != 8001 and trftyp = 1 and tblstr.strtyp='U' 
Exporting to CSV 

 Running method cronEWMS::storeReturn

 CSV FILE: db2_dump/store_return_header_1476771722.csv 

 db2_dump/store_return_header_1476771722.csv 
LOAD DATA LOCAL INFILE 'db2_dump/store_return_header_1476771722.csv'
					IGNORE
			    	INTO TABLE `wms_store_return`
			    	FIELDS TERMINATED BY ','
			    		   ENCLOSED BY '\"'
			    		   ESCAPED BY ''
			    	LINES TERMINATED BY '\n'
			    	IGNORE 1 LINES (@so_no, @from_store_code) set so_no=@so_no, from_store_code=@from_store_code 
Loaded a total of 2 records from this csv file.
Closing odbc connection... 
Closing pdo connection... 
cron/ewms_connection: mysql:host=localhost;dbname=db 
DEBSPGMR 
PASSWORD 
Connecting to DB2... 
DRIVER=iSeries Access ODBC Driver;SYSTEM=172.16.1.2;DBQ=MMRSTLIB 
Resource id #10 
Executing SQL: SELECT trfhdr.trfbch, trfhdr.trfflc, trfhdr.trftlc
				FROM trfhdr
				left join tblstr on tblstr.strnum = trfhdr.trftlc 
				WHERE trfsts = 'S' and trftlc != 8001 and trftyp = 1 and tblstr.strtyp='U' 
Exporting to CSV 

 Running method cronEWMS::storeReturn
Closing odbc connection... 
Closing pdo connection... 
cron/ewms_connection: mysql:host=localhost;dbname=db 
DEBSPGMR 
PASSWORD 
Connecting to DB2... 
DRIVER=iSeries Access ODBC Driver;SYSTEM=172.16.1.2;DBQ=MMRSTLIB 
Resource id #10 
Executing SQL: SELECT trfhdr.trfbch, trfhdr.trfflc, trfhdr.trftlc
				FROM trfhdr
				left join tblstr on tblstr.strnum = trfhdr.trftlc 
				WHERE trfsts = 'S' and trftlc != 8001 and trftyp = 1 and tblstr.strtyp='U' 
Exporting to CSV 

 Running method cronEWMS::storeReturn
Closing odbc connection... 
Closing pdo connection... 
cron/ewms_connection: mysql:host=localhost;dbname=db 
DEBSPGMR 
PASSWORD 
Connecting to DB2... 
DRIVER=iSeries Access ODBC Driver;SYSTEM=172.16.1.2;DBQ=MMRSTLIB 
Resource id #10 
Executing SQL: SELECT trfhdr.trfbch, trfhdr.trfflc, trfhdr.trftlc
				FROM trfhdr
				left join tblstr on tblstr.strnum = trfhdr.trftlc 
				WHERE trfsts = 'S' and trftlc != 8001 and trftyp = 1 and tblstr.strtyp='U' 
Exporting to CSV 

 Running method cronEWMS::storeReturn
Closing odbc connection... 
Closing pdo connection... 
cron/ewms_connection: mysql:host=localhost;dbname=db 
DEBSPGMR 
PASSWORD 
Connecting to DB2... 
DRIVER=iSeries Access ODBC Driver;SYSTEM=172.16.1.2;DBQ=MMRSTLIB 
Resource id #10 
Executing SQL: SELECT POMRCH.POMRCV, POMRCH.PONUMB, POMRCH.POUNTS , POMHDR.POSHP1, POEDAT FROM POMRCH 
		LEFT JOIN POMHDR ON POMHDR.PONUMB = POMRCH.PONUMB 
		WHERE POMRCH.POSTAT = 3 
Exporting to CSV 

 Running method cronEWMS::purchaseOrder

 CSV FILE: db2_dump/purchase_order_header_1476772626.csv 

 db2_dump/purchase_order_header_1476772626.csv 
LOAD DATA LOCAL INFILE 'db2_dump/purchase_order_header_1476772626.csv'
					IGNORE
			    	INTO TABLE `wms_purchase_order_lists`
			    	FIELDS TERMINATED BY ','
			    		   ENCLOSED BY '\"'
			    		   ESCAPED BY ''
			    	LINES TERMINATED BY '\n'
			    	IGNORE 1 LINES ( @receiver_no, @purchase_order_no, @total_qty,@shipment_reference_no, @entry_date)
				set id="", receiver_no=@receiver_no, purchase_order_no=@purchase_order_no,    
					total_qty=@total_qty, shipment_reference_no=@shipment_reference_no, entry_date=@entry_date 
Loaded a total of 71 records from this csv file.
Executing SQL: SELECT DISTINCT POMRCD.INUMBR, INVUPC.IUPC, POMRCD.POMRCV,   INVDPT.IDEPT, pomrcd.pomqty, INVDPT.DPTNAM
FROM POMRCD
LEFT JOIN INVUPC ON POMRCD.INUMBR = INVUPC.INUMBR
LEFT JOIN INVMST ON POMRCD.INUMBR = INVMST.INUMBR
LEFT JOIN INVDPT ON INVMST.IDEPT = INVDPT.IDEPT
LEFT JOIN POMRCH ON POMRCD.POMRCV = POMRCH.POMRCV
WHERE POMRCH.POSTAT = 3 AND INVDPT.ISDEPT=0  AND INVDPT.ICLAS=0 AND INVDPT.ISCLAS=0  
Exporting to CSV 

 Running method cronEWMS::purchaseOrderDetails

 CSV FILE: db2_dump/purchase_order_detail_1476772649.csv 

 db2_dump/purchase_order_detail_1476772649.csv 
LOAD DATA LOCAL INFILE 'db2_dump/purchase_order_detail_1476772649.csv'
					IGNORE
			    	INTO TABLE `wms_purchase_order_details`
			    	FIELDS TERMINATED BY ','
			    		   ENCLOSED BY '\"'
			    		   ESCAPED BY ''
			    	LINES TERMINATED BY '\n'
			    	IGNORE 1 LINES (@sku, @upc, @receiver_no, @dept_number, @quantity_ordered,@dept_name) set sku=@sku, upc=@upc, receiver_no=@receiver_no,dept_number=@dept_number,quantity_ordered=@quantity_ordered,division=@dept_name,po_status="1" 
Loaded a total of 442 records from this csv file.
Executing SQL: SELECT   whsmvh.whmove   
FROM  whsmvh
where whsmvh.whmvtp = 2  AND whsmvh.WHMVST = 1 
Exporting to CSV 

 Running method cronEWMS::picklist

 CSV FILE: db2_dump/picklist_header_1476772660.csv 

 db2_dump/picklist_header_1476772660.csv 
LOAD DATA LOCAL INFILE 'db2_dump/picklist_header_1476772660.csv'
					IGNORE
			    	INTO TABLE `wms_picklist`
			    	FIELDS TERMINATED BY ','
			    		   ENCLOSED BY '\"'
			    		   ESCAPED BY ''
			    	LINES TERMINATED BY '\n'
			    	IGNORE 1 LINES (@move_doc_number) set move_doc_number=@move_doc_number 
Loaded a total of 0 records from this csv file.
Executing SQL: SELECT  whmove, invupc.IUPC, Whmfsl, WHMVQR, trfhdr.TRFTLC , trfbdt
from whsmvd
LEFT join invupc on whsmvd.inumbr = invupc.inumbr
LEFT JOIN TRFHDR ON WHSMVD.WHMVSR = TRFHDR.TRFBCH 
Exporting to CSV 

 Running method cronEWMS::picklistDetail

 CSV FILE: db2_dump/picklist_detail_1476772767.csv 

 db2_dump/picklist_detail_1476772767.csv 
LOAD DATA LOCAL INFILE 'db2_dump/picklist_detail_1476772767.csv'
					IGNORE
			    	INTO TABLE `wms_picklist_details`
			    	FIELDS TERMINATED BY ','
			    		   ENCLOSED BY '\"'
			    		   ESCAPED BY ''
			    	LINES TERMINATED BY '\n'
			    	IGNORE 1 LINES (  @move_doc_number, @sku, @from_slot_code, @quantity_to_pick, @store_code, @created_at )
				set  move_doc_number=@move_doc_number, sku=@sku, from_slot_code=@from_slot_code,
					quantity_to_pick=@quantity_to_pick, store_code=@store_code, created_at=@created_at 
Loaded a total of 0 records from this csv file.
Closing odbc connection... 
Closing pdo connection... 
cron/ewms_connection: mysql:host=localhost;dbname=db 
DEBSPGMR 
PASSWORD 
Connecting to DB2... 
DRIVER=iSeries Access ODBC Driver;SYSTEM=172.16.1.2;DBQ=MMRSTLIB 
Resource id #10 
Executing SQL: SELECT POMRCH.POMRCV, POMRCH.PONUMB, POMRCH.POUNTS , POMHDR.POSHP1, POEDAT FROM POMRCH 
		LEFT JOIN POMHDR ON POMHDR.PONUMB = POMRCH.PONUMB 
		WHERE POMRCH.POSTAT = 3 
Exporting to CSV 

 Running method cronEWMS::purchaseOrder

 CSV FILE: db2_dump/purchase_order_header_1476773168.csv 

 db2_dump/purchase_order_header_1476773168.csv 
LOAD DATA LOCAL INFILE 'db2_dump/purchase_order_header_1476773168.csv'
					IGNORE
			    	INTO TABLE `wms_purchase_order_lists`
			    	FIELDS TERMINATED BY ','
			    		   ENCLOSED BY '\"'
			    		   ESCAPED BY ''
			    	LINES TERMINATED BY '\n'
			    	IGNORE 1 LINES ( @receiver_no, @purchase_order_no, @total_qty,@invoice_no, @entry_date)
				set id="", receiver_no=@receiver_no, purchase_order_no=@purchase_order_no,    
					total_qty=@total_qty, invoice_no=@invoice_no, entry_date=@entry_date 

Fatal error: Uncaught exception 'PDOException' with message 'SQLSTATE[42S22]: Column not found: 1054 Unknown column 'invoice_no' in 'field list'' in C:\xampp\htdocs\rsci-wh-ewms\app\cron\ewms_connection.php:91
Stack trace:
#0 C:\xampp\htdocs\rsci-wh-ewms\app\cron\ewms_connection.php(91): PDO->exec('LOAD DATA LOCAL...')
#1 C:\xampp\htdocs\rsci-wh-ewms\app\cron\ewms_cron_class.php(142): eWMSMigration->import('db2_dump/purcha...', 'wms_purchase_or...', '( @receiver_no,...')
#2 C:\xampp\htdocs\rsci-wh-ewms\app\cron\jda\daemon_pulling_po.php(12): cronEWMS->purchaseOrder()
#3 {main}
  thrown in C:\xampp\htdocs\rsci-wh-ewms\app\cron\ewms_connection.php on line 91
PHP Fatal error:  Uncaught exception 'PDOException' with message 'SQLSTATE[42S22]: Column not found: 1054 Unknown column 'invoice_no' in 'field list'' in C:\xampp\htdocs\rsci-wh-ewms\app\cron\ewms_connection.php:91
Stack trace:
#0 C:\xampp\htdocs\rsci-wh-ewms\app\cron\ewms_connection.php(91): PDO->exec('LOAD DATA LOCAL...')
#1 C:\xampp\htdocs\rsci-wh-ewms\app\cron\ewms_cron_class.php(142): eWMSMigration->import('db2_dump/purcha...', 'wms_purchase_or...', '( @receiver_no,...')
#2 C:\xampp\htdocs\rsci-wh-ewms\app\cron\jda\daemon_pulling_po.php(12): cronEWMS->purchaseOrder()
#3 {main}
  thrown in C:\xampp\htdocs\rsci-wh-ewms\app\cron\ewms_connection.php on line 91
cron/ewms_connection: mysql:host=localhost;dbname=db 
DEBSPGMR 
PASSWORD 
Connecting to DB2... 
DRIVER=iSeries Access ODBC Driver;SYSTEM=172.16.1.2;DBQ=MMRSTLIB 
Resource id #10 
Executing SQL: SELECT POMRCH.POMRCV, POMRCH.PONUMB, POMRCH.POUNTS , POMHDR.POSHP1, POEDAT FROM POMRCH 
		LEFT JOIN POMHDR ON POMHDR.PONUMB = POMRCH.PONUMB 
		WHERE POMRCH.POSTAT = 3 
Exporting to CSV 

 Running method cronEWMS::purchaseOrder

 CSV FILE: db2_dump/purchase_order_header_1476773420.csv 

 db2_dump/purchase_order_header_1476773420.csv 
LOAD DATA LOCAL INFILE 'db2_dump/purchase_order_header_1476773420.csv'
					IGNORE
			    	INTO TABLE `wms_purchase_order_lists`
			    	FIELDS TERMINATED BY ','
			    		   ENCLOSED BY '\"'
			    		   ESCAPED BY ''
			    	LINES TERMINATED BY '\n'
			    	IGNORE 1 LINES ( @receiver_no, @purchase_order_no, @total_qty,@invoice_no, @entry_date)
				set id="", receiver_no=@receiver_no, purchase_order_no=@purchase_order_no,    
					total_qty=@total_qty, invoice_no=@invoice_no, entry_date=@entry_date 

Fatal error: Uncaught exception 'PDOException' with message 'SQLSTATE[42S22]: Column not found: 1054 Unknown column 'invoice_no' in 'field list'' in C:\xampp\htdocs\rsci-wh-ewms\app\cron\ewms_connection.php:91
Stack trace:
#0 C:\xampp\htdocs\rsci-wh-ewms\app\cron\ewms_connection.php(91): PDO->exec('LOAD DATA LOCAL...')
#1 C:\xampp\htdocs\rsci-wh-ewms\app\cron\ewms_cron_class.php(142): eWMSMigration->import('db2_dump/purcha...', 'wms_purchase_or...', '( @receiver_no,...')
#2 C:\xampp\htdocs\rsci-wh-ewms\app\cron\jda\daemon_pulling_po.php(12): cronEWMS->purchaseOrder()
#3 {main}
  thrown in C:\xampp\htdocs\rsci-wh-ewms\app\cron\ewms_connection.php on line 91
PHP Fatal error:  Uncaught exception 'PDOException' with message 'SQLSTATE[42S22]: Column not found: 1054 Unknown column 'invoice_no' in 'field list'' in C:\xampp\htdocs\rsci-wh-ewms\app\cron\ewms_connection.php:91
Stack trace:
#0 C:\xampp\htdocs\rsci-wh-ewms\app\cron\ewms_connection.php(91): PDO->exec('LOAD DATA LOCAL...')
#1 C:\xampp\htdocs\rsci-wh-ewms\app\cron\ewms_cron_class.php(142): eWMSMigration->import('db2_dump/purcha...', 'wms_purchase_or...', '( @receiver_no,...')
#2 C:\xampp\htdocs\rsci-wh-ewms\app\cron\jda\daemon_pulling_po.php(12): cronEWMS->purchaseOrder()
#3 {main}
  thrown in C:\xampp\htdocs\rsci-wh-ewms\app\cron\ewms_connection.php on line 91
cron/ewms_connection: mysql:host=localhost;dbname=db 
DEBSPGMR 
PASSWORD 
Connecting to DB2... 
DRIVER=iSeries Access ODBC Driver;SYSTEM=172.16.1.2;DBQ=MMRSTLIB 
Resource id #10 
Executing SQL: SELECT POMRCH.POMRCV, POMRCH.PONUMB, POMRCH.POUNTS , POMHDR.POSHP1, POEDAT FROM POMRCH 
		LEFT JOIN POMHDR ON POMHDR.PONUMB = POMRCH.PONUMB 
		WHERE POMRCH.POSTAT = 3 
Exporting to CSV 

 Running method cronEWMS::purchaseOrder

 CSV FILE: db2_dump/purchase_order_header_1476773547.csv 

 db2_dump/purchase_order_header_1476773547.csv 
LOAD DATA LOCAL INFILE 'db2_dump/purchase_order_header_1476773547.csv'
					IGNORE
			    	INTO TABLE `wms_purchase_order_lists`
			    	FIELDS TERMINATED BY ','
			    		   ENCLOSED BY '\"'
			    		   ESCAPED BY ''
			    	LINES TERMINATED BY '\n'
			    	IGNORE 1 LINES ( @receiver_no, @purchase_order_no, @total_qty,  @invoice_no, @entry_date)
				set id="", receiver_no=@receiver_no, purchase_order_no=@purchase_order_no,    
					total_qty=@total_qty,   invoice_no=@invoice_no, entry_date=@entry_date 

Fatal error: Uncaught exception 'PDOException' with message 'SQLSTATE[42S22]: Column not found: 1054 Unknown column 'invoice_no' in 'field list'' in C:\xampp\htdocs\rsci-wh-ewms\app\cron\ewms_connection.php:91
Stack trace:
#0 C:\xampp\htdocs\rsci-wh-ewms\app\cron\ewms_connection.php(91): PDO->exec('LOAD DATA LOCAL...')
#1 C:\xampp\htdocs\rsci-wh-ewms\app\cron\ewms_cron_class.php(142): eWMSMigration->import('db2_dump/purcha...', 'wms_purchase_or...', '( @receiver_no,...')
#2 C:\xampp\htdocs\rsci-wh-ewms\app\cron\jda\daemon_pulling_po.php(12): cronEWMS->purchaseOrder()
#3 {main}
  thrown in C:\xampp\htdocs\rsci-wh-ewms\app\cron\ewms_connection.php on line 91
PHP Fatal error:  Uncaught exception 'PDOException' with message 'SQLSTATE[42S22]: Column not found: 1054 Unknown column 'invoice_no' in 'field list'' in C:\xampp\htdocs\rsci-wh-ewms\app\cron\ewms_connection.php:91
Stack trace:
#0 C:\xampp\htdocs\rsci-wh-ewms\app\cron\ewms_connection.php(91): PDO->exec('LOAD DATA LOCAL...')
#1 C:\xampp\htdocs\rsci-wh-ewms\app\cron\ewms_cron_class.php(142): eWMSMigration->import('db2_dump/purcha...', 'wms_purchase_or...', '( @receiver_no,...')
#2 C:\xampp\htdocs\rsci-wh-ewms\app\cron\jda\daemon_pulling_po.php(12): cronEWMS->purchaseOrder()
#3 {main}
  thrown in C:\xampp\htdocs\rsci-wh-ewms\app\cron\ewms_connection.php on line 91
cron/ewms_connection: mysql:host=localhost;dbname=db 
DEBSPGMR 
PASSWORD 
Connecting to DB2... 
DRIVER=iSeries Access ODBC Driver;SYSTEM=172.16.1.2;DBQ=MMRSTLIB 
Resource id #10 
Executing SQL: SELECT POMRCH.POMRCV, POMRCH.PONUMB, POMRCH.POUNTS , POMHDR.POSHP1, POEDAT FROM POMRCH 
		LEFT JOIN POMHDR ON POMHDR.PONUMB = POMRCH.PONUMB 
		WHERE POMRCH.POSTAT = 3 
Exporting to CSV 

 Running method cronEWMS::purchaseOrder

 CSV FILE: db2_dump/purchase_order_header_1476773737.csv 

 db2_dump/purchase_order_header_1476773737.csv 
LOAD DATA LOCAL INFILE 'db2_dump/purchase_order_header_1476773737.csv'
					IGNORE
			    	INTO TABLE `wms_purchase_order_lists`
			    	FIELDS TERMINATED BY ','
			    		   ENCLOSED BY '\"'
			    		   ESCAPED BY ''
			    	LINES TERMINATED BY '\n'
			    	IGNORE 1 LINES ( @receiver_no, @purchase_order_no, @total_qty,  @invoice_no, @entry_date)
				set id="", receiver_no=@receiver_no, purchase_order_no=@purchase_order_no,    
					total_qty=@total_qty,   invoice_no=@invoice_no, entry_date=@entry_date 

Fatal error: Uncaught exception 'PDOException' with message 'SQLSTATE[42S22]: Column not found: 1054 Unknown column 'invoice_no' in 'field list'' in C:\xampp\htdocs\rsci-wh-ewms\app\cron\ewms_connection.php:91
Stack trace:
#0 C:\xampp\htdocs\rsci-wh-ewms\app\cron\ewms_connection.php(91): PDO->exec('LOAD DATA LOCAL...')
#1 C:\xampp\htdocs\rsci-wh-ewms\app\cron\ewms_cron_class.php(142): eWMSMigration->import('db2_dump/purcha...', 'wms_purchase_or...', '( @receiver_no,...')
#2 C:\xampp\htdocs\rsci-wh-ewms\app\cron\jda\daemon_pulling_po.php(12): cronEWMS->purchaseOrder()
#3 {main}
  thrown in C:\xampp\htdocs\rsci-wh-ewms\app\cron\ewms_connection.php on line 91
PHP Fatal error:  Uncaught exception 'PDOException' with message 'SQLSTATE[42S22]: Column not found: 1054 Unknown column 'invoice_no' in 'field list'' in C:\xampp\htdocs\rsci-wh-ewms\app\cron\ewms_connection.php:91
Stack trace:
#0 C:\xampp\htdocs\rsci-wh-ewms\app\cron\ewms_connection.php(91): PDO->exec('LOAD DATA LOCAL...')
#1 C:\xampp\htdocs\rsci-wh-ewms\app\cron\ewms_cron_class.php(142): eWMSMigration->import('db2_dump/purcha...', 'wms_purchase_or...', '( @receiver_no,...')
#2 C:\xampp\htdocs\rsci-wh-ewms\app\cron\jda\daemon_pulling_po.php(12): cronEWMS->purchaseOrder()
#3 {main}
  thrown in C:\xampp\htdocs\rsci-wh-ewms\app\cron\ewms_connection.php on line 91
cron/ewms_connection: mysql:host=localhost;dbname=db 
DEBSPGMR 
PASSWORD 
Connecting to DB2... 
DRIVER=iSeries Access ODBC Driver;SYSTEM=172.16.1.2;DBQ=MMRSTLIB 
Resource id #10 
Executing SQL: SELECT POMRCH.POMRCV, POMRCH.PONUMB, POMRCH.POUNTS , POMHDR.POSHP1, POEDAT FROM POMRCH 
		LEFT JOIN POMHDR ON POMHDR.PONUMB = POMRCH.PONUMB 
		WHERE POMRCH.POSTAT = 3 
Exporting to CSV 

 Running method cronEWMS::purchaseOrder

 CSV FILE: db2_dump/purchase_order_header_1476775203.csv 

 db2_dump/purchase_order_header_1476775203.csv 
LOAD DATA LOCAL INFILE 'db2_dump/purchase_order_header_1476775203.csv'
					IGNORE
			    	INTO TABLE `wms_purchase_order_lists`
			    	FIELDS TERMINATED BY ','
			    		   ENCLOSED BY '\"'
			    		   ESCAPED BY ''
			    	LINES TERMINATED BY '\n'
			    	IGNORE 1 LINES ( @receiver_no, @purchase_order_no, @total_qty,  @invoice_no, @entry_date)
				set id="", receiver_no=@receiver_no, purchase_order_no=@purchase_order_no,    
					total_qty=@total_qty,   invoice_no=@invoice_no, entry_date=@entry_date 

Fatal error: Uncaught exception 'PDOException' with message 'SQLSTATE[42S22]: Column not found: 1054 Unknown column 'invoice_no' in 'field list'' in C:\xampp\htdocs\rsci-wh-ewms\app\cron\ewms_connection.php:91
Stack trace:
#0 C:\xampp\htdocs\rsci-wh-ewms\app\cron\ewms_connection.php(91): PDO->exec('LOAD DATA LOCAL...')
#1 C:\xampp\htdocs\rsci-wh-ewms\app\cron\ewms_cron_class.php(142): eWMSMigration->import('db2_dump/purcha...', 'wms_purchase_or...', '( @receiver_no,...')
#2 C:\xampp\htdocs\rsci-wh-ewms\app\cron\jda\daemon_pulling_po.php(12): cronEWMS->purchaseOrder()
#3 {main}
  thrown in C:\xampp\htdocs\rsci-wh-ewms\app\cron\ewms_connection.php on line 91
PHP Fatal error:  Uncaught exception 'PDOException' with message 'SQLSTATE[42S22]: Column not found: 1054 Unknown column 'invoice_no' in 'field list'' in C:\xampp\htdocs\rsci-wh-ewms\app\cron\ewms_connection.php:91
Stack trace:
#0 C:\xampp\htdocs\rsci-wh-ewms\app\cron\ewms_connection.php(91): PDO->exec('LOAD DATA LOCAL...')
#1 C:\xampp\htdocs\rsci-wh-ewms\app\cron\ewms_cron_class.php(142): eWMSMigration->import('db2_dump/purcha...', 'wms_purchase_or...', '( @receiver_no,...')
#2 C:\xampp\htdocs\rsci-wh-ewms\app\cron\jda\daemon_pulling_po.php(12): cronEWMS->purchaseOrder()
#3 {main}
  thrown in C:\xampp\htdocs\rsci-wh-ewms\app\cron\ewms_connection.php on line 91
cron/ewms_connection: mysql:host=localhost;dbname=db 
DEBSPGMR 
PASSWORD 
Connecting to DB2... 
DRIVER=iSeries Access ODBC Driver;SYSTEM=172.16.1.2;DBQ=MMRSTLIB 
Resource id #10 
Executing SQL: SELECT POMRCH.POMRCV, POMRCH.PONUMB, POMRCH.POUNTS , POMHDR.POSHP1, POEDAT FROM POMRCH 
		LEFT JOIN POMHDR ON POMHDR.PONUMB = POMRCH.PONUMB 
		WHERE POMRCH.POSTAT = 3 
Exporting to CSV 

 Running method cronEWMS::purchaseOrder

 CSV FILE: db2_dump/purchase_order_header_1476775286.csv 

 db2_dump/purchase_order_header_1476775286.csv 
LOAD DATA LOCAL INFILE 'db2_dump/purchase_order_header_1476775286.csv'
					IGNORE
			    	INTO TABLE `wms_purchase_order_lists`
			    	FIELDS TERMINATED BY ','
			    		   ENCLOSED BY '\"'
			    		   ESCAPED BY ''
			    	LINES TERMINATED BY '\n'
			    	IGNORE 1 LINES ( @receiver_no, @purchase_order_no, @total_qty,  @invoice_no, @entry_date)
				set id="", receiver_no=@receiver_no, purchase_order_no=@purchase_order_no,    
					total_qty=@total_qty,   invoice_no=@invoice_no, entry_date=@entry_date 

Fatal error: Uncaught exception 'PDOException' with message 'SQLSTATE[42S22]: Column not found: 1054 Unknown column 'invoice_no' in 'field list'' in C:\xampp\htdocs\rsci-wh-ewms\app\cron\ewms_connection.php:91
Stack trace:
#0 C:\xampp\htdocs\rsci-wh-ewms\app\cron\ewms_connection.php(91): PDO->exec('LOAD DATA LOCAL...')
#1 C:\xampp\htdocs\rsci-wh-ewms\app\cron\ewms_cron_class.php(142): eWMSMigration->import('db2_dump/purcha...', 'wms_purchase_or...', '( @receiver_no,...')
#2 C:\xampp\htdocs\rsci-wh-ewms\app\cron\jda\daemon_pulling_po.php(12): cronEWMS->purchaseOrder()
#3 {main}
  thrown in C:\xampp\htdocs\rsci-wh-ewms\app\cron\ewms_connection.php on line 91
PHP Fatal error:  Uncaught exception 'PDOException' with message 'SQLSTATE[42S22]: Column not found: 1054 Unknown column 'invoice_no' in 'field list'' in C:\xampp\htdocs\rsci-wh-ewms\app\cron\ewms_connection.php:91
Stack trace:
#0 C:\xampp\htdocs\rsci-wh-ewms\app\cron\ewms_connection.php(91): PDO->exec('LOAD DATA LOCAL...')
#1 C:\xampp\htdocs\rsci-wh-ewms\app\cron\ewms_cron_class.php(142): eWMSMigration->import('db2_dump/purcha...', 'wms_purchase_or...', '( @receiver_no,...')
#2 C:\xampp\htdocs\rsci-wh-ewms\app\cron\jda\daemon_pulling_po.php(12): cronEWMS->purchaseOrder()
#3 {main}
  thrown in C:\xampp\htdocs\rsci-wh-ewms\app\cron\ewms_connection.php on line 91
cron/ewms_connection: mysql:host=localhost;dbname=db 
DEBSPGMR 
PASSWORD 
Connecting to DB2... 
DRIVER=iSeries Access ODBC Driver;SYSTEM=172.16.1.2;DBQ=MMRSTLIB 
Resource id #10 
Executing SQL: SELECT POMRCH.POMRCV, POMRCH.PONUMB, POMRCH.POUNTS , POMHDR.POSHP1 as invoice_no, POMHDR.POEDAT 
				FROM POMRCH 
				LEFT JOIN POMHDR ON POMHDR.PONUMB = POMRCH.PONUMB 
				WHERE POMRCH.POSTAT = 3 
Exporting to CSV 

 Running method cronEWMS::purchaseOrder

 CSV FILE: db2_dump/purchase_order_header_1476775428.csv 

 db2_dump/purchase_order_header_1476775428.csv 
LOAD DATA LOCAL INFILE 'db2_dump/purchase_order_header_1476775428.csv'
					IGNORE
			    	INTO TABLE `wms_purchase_order_lists`
			    	FIELDS TERMINATED BY ','
			    		   ENCLOSED BY '\"'
			    		   ESCAPED BY ''
			    	LINES TERMINATED BY '\n'
			    	IGNORE 1 LINES ( @receiver_no, @purchase_order_no, @total_qty,  @invoice_no, @entry_date)
				set id="", receiver_no=@receiver_no, purchase_order_no=@purchase_order_no,    
					total_qty=@total_qty,   invoice_no=@invoice_no, entry_date=@entry_date 

Fatal error: Uncaught exception 'PDOException' with message 'SQLSTATE[42S22]: Column not found: 1054 Unknown column 'invoice_no' in 'field list'' in C:\xampp\htdocs\rsci-wh-ewms\app\cron\ewms_connection.php:91
Stack trace:
#0 C:\xampp\htdocs\rsci-wh-ewms\app\cron\ewms_connection.php(91): PDO->exec('LOAD DATA LOCAL...')
#1 C:\xampp\htdocs\rsci-wh-ewms\app\cron\ewms_cron_class.php(142): eWMSMigration->import('db2_dump/purcha...', 'wms_purchase_or...', '( @receiver_no,...')
#2 C:\xampp\htdocs\rsci-wh-ewms\app\cron\jda\daemon_pulling_po.php(12): cronEWMS->purchaseOrder()
#3 {main}
  thrown in C:\xampp\htdocs\rsci-wh-ewms\app\cron\ewms_connection.php on line 91
PHP Fatal error:  Uncaught exception 'PDOException' with message 'SQLSTATE[42S22]: Column not found: 1054 Unknown column 'invoice_no' in 'field list'' in C:\xampp\htdocs\rsci-wh-ewms\app\cron\ewms_connection.php:91
Stack trace:
#0 C:\xampp\htdocs\rsci-wh-ewms\app\cron\ewms_connection.php(91): PDO->exec('LOAD DATA LOCAL...')
#1 C:\xampp\htdocs\rsci-wh-ewms\app\cron\ewms_cron_class.php(142): eWMSMigration->import('db2_dump/purcha...', 'wms_purchase_or...', '( @receiver_no,...')
#2 C:\xampp\htdocs\rsci-wh-ewms\app\cron\jda\daemon_pulling_po.php(12): cronEWMS->purchaseOrder()
#3 {main}
  thrown in C:\xampp\htdocs\rsci-wh-ewms\app\cron\ewms_connection.php on line 91
cron/ewms_connection: mysql:host=localhost;dbname=db 
DEBSPGMR 
PASSWORD 
Connecting to DB2... 
DRIVER=iSeries Access ODBC Driver;SYSTEM=172.16.1.2;DBQ=MMRSTLIB 
Resource id #10 
Executing SQL: SELECT POMRCH.POMRCV, POMRCH.PONUMB, POMRCH.POUNTS , POMHDR.POSHP1 as invoice_no, POMHDR.POEDAT 
				FROM POMRCH 
				LEFT JOIN POMHDR ON POMHDR.PONUMB = POMRCH.PONUMB 
				WHERE POMRCH.POSTAT = 3 
Exporting to CSV 

 Running method cronEWMS::purchaseOrder

 CSV FILE: db2_dump/purchase_order_header_1476775479.csv 

 db2_dump/purchase_order_header_1476775479.csv 
LOAD DATA LOCAL INFILE 'db2_dump/purchase_order_header_1476775479.csv'
					IGNORE
			    	INTO TABLE `wms_purchase_order_lists`
			    	FIELDS TERMINATED BY ','
			    		   ENCLOSED BY '\"'
			    		   ESCAPED BY ''
			    	LINES TERMINATED BY '\n'
			    	IGNORE 1 LINES ( @receiver_no, @purchase_order_no, @total_qty,  @invoice_no, @entry_date)
				set id="", receiver_no=@receiver_no, purchase_order_no=@purchase_order_no,    
					total_qty=@total_qty,   invoice_no=@invoice_no, entry_date=@entry_date 

Fatal error: Uncaught exception 'PDOException' with message 'SQLSTATE[42S22]: Column not found: 1054 Unknown column 'invoice_no' in 'field list'' in C:\xampp\htdocs\rsci-wh-ewms\app\cron\ewms_connection.php:91
Stack trace:
#0 C:\xampp\htdocs\rsci-wh-ewms\app\cron\ewms_connection.php(91): PDO->exec('LOAD DATA LOCAL...')
#1 C:\xampp\htdocs\rsci-wh-ewms\app\cron\ewms_cron_class.php(142): eWMSMigration->import('db2_dump/purcha...', 'wms_purchase_or...', '( @receiver_no,...')
#2 C:\xampp\htdocs\rsci-wh-ewms\app\cron\jda\daemon_pulling_po.php(12): cronEWMS->purchaseOrder()
#3 {main}
  thrown in C:\xampp\htdocs\rsci-wh-ewms\app\cron\ewms_connection.php on line 91
PHP Fatal error:  Uncaught exception 'PDOException' with message 'SQLSTATE[42S22]: Column not found: 1054 Unknown column 'invoice_no' in 'field list'' in C:\xampp\htdocs\rsci-wh-ewms\app\cron\ewms_connection.php:91
Stack trace:
#0 C:\xampp\htdocs\rsci-wh-ewms\app\cron\ewms_connection.php(91): PDO->exec('LOAD DATA LOCAL...')
#1 C:\xampp\htdocs\rsci-wh-ewms\app\cron\ewms_cron_class.php(142): eWMSMigration->import('db2_dump/purcha...', 'wms_purchase_or...', '( @receiver_no,...')
#2 C:\xampp\htdocs\rsci-wh-ewms\app\cron\jda\daemon_pulling_po.php(12): cronEWMS->purchaseOrder()
#3 {main}
  thrown in C:\xampp\htdocs\rsci-wh-ewms\app\cron\ewms_connection.php on line 91
cron/ewms_connection: mysql:host=localhost;dbname=db 
DEBSPGMR 
PASSWORD 
Connecting to DB2... 
DRIVER=iSeries Access ODBC Driver;SYSTEM=172.16.1.2;DBQ=MMRSTLIB 
Resource id #10 
Executing SQL: SELECT POMRCH.POMRCV, POMRCH.PONUMB, POMRCH.POUNTS , POMHDR.POSHP1 as invoice_no, POMHDR.POEDAT 
				FROM POMRCH 
				LEFT JOIN POMHDR ON POMHDR.PONUMB = POMRCH.PONUMB 
				WHERE POMRCH.POSTAT = 3 
Exporting to CSV 

 Running method cronEWMS::purchaseOrder

 CSV FILE: db2_dump/purchase_order_header_1476775525.csv 

 db2_dump/purchase_order_header_1476775525.csv 
LOAD DATA LOCAL INFILE 'db2_dump/purchase_order_header_1476775525.csv'
					IGNORE
			    	INTO TABLE `wms_purchase_order_lists`
			    	FIELDS TERMINATED BY ','
			    		   ENCLOSED BY '\"'
			    		   ESCAPED BY ''
			    	LINES TERMINATED BY '\n'
			    	IGNORE 1 LINES ( @receiver_no, @purchase_order_no, @total_qty,  @the_voice_ph, @entry_date)
				set id="", receiver_no=@receiver_no, purchase_order_no=@purchase_order_no,    
					total_qty=@total_qty,   the_voice_ph=@invoice_no, entry_date=@entry_date 

Fatal error: Uncaught exception 'PDOException' with message 'SQLSTATE[42S22]: Column not found: 1054 Unknown column 'the_voice_ph' in 'field list'' in C:\xampp\htdocs\rsci-wh-ewms\app\cron\ewms_connection.php:91
Stack trace:
#0 C:\xampp\htdocs\rsci-wh-ewms\app\cron\ewms_connection.php(91): PDO->exec('LOAD DATA LOCAL...')
#1 C:\xampp\htdocs\rsci-wh-ewms\app\cron\ewms_cron_class.php(142): eWMSMigration->import('db2_dump/purcha...', 'wms_purchase_or...', '( @receiver_no,...')
#2 C:\xampp\htdocs\rsci-wh-ewms\app\cron\jda\daemon_pulling_po.php(12): cronEWMS->purchaseOrder()
#3 {main}
  thrown in C:\xampp\htdocs\rsci-wh-ewms\app\cron\ewms_connection.php on line 91
PHP Fatal error:  Uncaught exception 'PDOException' with message 'SQLSTATE[42S22]: Column not found: 1054 Unknown column 'the_voice_ph' in 'field list'' in C:\xampp\htdocs\rsci-wh-ewms\app\cron\ewms_connection.php:91
Stack trace:
#0 C:\xampp\htdocs\rsci-wh-ewms\app\cron\ewms_connection.php(91): PDO->exec('LOAD DATA LOCAL...')
#1 C:\xampp\htdocs\rsci-wh-ewms\app\cron\ewms_cron_class.php(142): eWMSMigration->import('db2_dump/purcha...', 'wms_purchase_or...', '( @receiver_no,...')
#2 C:\xampp\htdocs\rsci-wh-ewms\app\cron\jda\daemon_pulling_po.php(12): cronEWMS->purchaseOrder()
#3 {main}
  thrown in C:\xampp\htdocs\rsci-wh-ewms\app\cron\ewms_connection.php on line 91
cron/ewms_connection: mysql:host=localhost;dbname=db 
DEBSPGMR 
PASSWORD 
Connecting to DB2... 
DRIVER=iSeries Access ODBC Driver;SYSTEM=172.16.1.2;DBQ=MMRSTLIB 
Resource id #10 
Executing SQL: SELECT POMRCH.POMRCV, POMRCH.PONUMB, POMRCH.POUNTS , POMHDR.POSHP1 as invoice_no, POMHDR.POEDAT 
				FROM POMRCH 
				LEFT JOIN POMHDR ON POMHDR.PONUMB = POMRCH.PONUMB 
				WHERE POMRCH.POSTAT = 3 
Exporting to CSV 

 Running method cronEWMS::purchaseOrder

 CSV FILE: db2_dump/purchase_order_header_1476775592.csv 

 db2_dump/purchase_order_header_1476775592.csv 
LOAD DATA LOCAL INFILE 'db2_dump/purchase_order_header_1476775592.csv'
					IGNORE
			    	INTO TABLE `wms_purchase_order_lists`
			    	FIELDS TERMINATED BY ','
			    		   ENCLOSED BY '\"'
			    		   ESCAPED BY ''
			    	LINES TERMINATED BY '\n'
			    	IGNORE 1 LINES ( @receiver_no, @purchase_order_no, @total_qty,  @the_voice_ph, @entry_date)
				set id="", receiver_no=@receiver_no, purchase_order_no=@purchase_order_no,    
					total_qty=@total_qty,   invoice_no=@the_voice_ph, entry_date=@entry_date 

Fatal error: Uncaught exception 'PDOException' with message 'SQLSTATE[42S22]: Column not found: 1054 Unknown column 'invoice_no' in 'field list'' in C:\xampp\htdocs\rsci-wh-ewms\app\cron\ewms_connection.php:91
Stack trace:
#0 C:\xampp\htdocs\rsci-wh-ewms\app\cron\ewms_connection.php(91): PDO->exec('LOAD DATA LOCAL...')
#1 C:\xampp\htdocs\rsci-wh-ewms\app\cron\ewms_cron_class.php(142): eWMSMigration->import('db2_dump/purcha...', 'wms_purchase_or...', '( @receiver_no,...')
#2 C:\xampp\htdocs\rsci-wh-ewms\app\cron\jda\daemon_pulling_po.php(12): cronEWMS->purchaseOrder()
#3 {main}
  thrown in C:\xampp\htdocs\rsci-wh-ewms\app\cron\ewms_connection.php on line 91
PHP Fatal error:  Uncaught exception 'PDOException' with message 'SQLSTATE[42S22]: Column not found: 1054 Unknown column 'invoice_no' in 'field list'' in C:\xampp\htdocs\rsci-wh-ewms\app\cron\ewms_connection.php:91
Stack trace:
#0 C:\xampp\htdocs\rsci-wh-ewms\app\cron\ewms_connection.php(91): PDO->exec('LOAD DATA LOCAL...')
#1 C:\xampp\htdocs\rsci-wh-ewms\app\cron\ewms_cron_class.php(142): eWMSMigration->import('db2_dump/purcha...', 'wms_purchase_or...', '( @receiver_no,...')
#2 C:\xampp\htdocs\rsci-wh-ewms\app\cron\jda\daemon_pulling_po.php(12): cronEWMS->purchaseOrder()
#3 {main}
  thrown in C:\xampp\htdocs\rsci-wh-ewms\app\cron\ewms_connection.php on line 91
cron/ewms_connection: mysql:host=localhost;dbname=db 
DEBSPGMR 
PASSWORD 
Connecting to DB2... 
DRIVER=iSeries Access ODBC Driver;SYSTEM=172.16.1.2;DBQ=MMRSTLIB 
Resource id #10 
Executing SQL: SELECT POMRCH.POMRCV, POMRCH.PONUMB, POMRCH.POUNTS , POMHDR.POSHP1 as invoice_no, POMHDR.POEDAT 
				FROM POMRCH 
				LEFT JOIN POMHDR ON POMHDR.PONUMB = POMRCH.PONUMB 
				WHERE POMRCH.POSTAT = 3 
Exporting to CSV 

 Running method cronEWMS::purchaseOrder

 CSV FILE: db2_dump/purchase_order_header_1476775642.csv 

 db2_dump/purchase_order_header_1476775642.csv 
LOAD DATA LOCAL INFILE 'db2_dump/purchase_order_header_1476775642.csv'
					IGNORE
			    	INTO TABLE `wms_purchase_order_lists`
			    	FIELDS TERMINATED BY ','
			    		   ENCLOSED BY '\"'
			    		   ESCAPED BY ''
			    	LINES TERMINATED BY '\n'
			    	IGNORE 1 LINES ( @receiver_no, @purchase_order_no, @total_qty,  @the_voice_ph, @entry_date)
				set id="", receiver_no=@receiver_no, purchase_order_no=@purchase_order_no,    
					total_qty=@total_qty,   the_voice_ph=@the_voice_ph, entry_date=@entry_date 

Fatal error: Uncaught exception 'PDOException' with message 'SQLSTATE[42S22]: Column not found: 1054 Unknown column 'the_voice_ph' in 'field list'' in C:\xampp\htdocs\rsci-wh-ewms\app\cron\ewms_connection.php:91
Stack trace:
#0 C:\xampp\htdocs\rsci-wh-ewms\app\cron\ewms_connection.php(91): PDO->exec('LOAD DATA LOCAL...')
#1 C:\xampp\htdocs\rsci-wh-ewms\app\cron\ewms_cron_class.php(142): eWMSMigration->import('db2_dump/purcha...', 'wms_purchase_or...', '( @receiver_no,...')
#2 C:\xampp\htdocs\rsci-wh-ewms\app\cron\jda\daemon_pulling_po.php(12): cronEWMS->purchaseOrder()
#3 {main}
  thrown in C:\xampp\htdocs\rsci-wh-ewms\app\cron\ewms_connection.php on line 91
PHP Fatal error:  Uncaught exception 'PDOException' with message 'SQLSTATE[42S22]: Column not found: 1054 Unknown column 'the_voice_ph' in 'field list'' in C:\xampp\htdocs\rsci-wh-ewms\app\cron\ewms_connection.php:91
Stack trace:
#0 C:\xampp\htdocs\rsci-wh-ewms\app\cron\ewms_connection.php(91): PDO->exec('LOAD DATA LOCAL...')
#1 C:\xampp\htdocs\rsci-wh-ewms\app\cron\ewms_cron_class.php(142): eWMSMigration->import('db2_dump/purcha...', 'wms_purchase_or...', '( @receiver_no,...')
#2 C:\xampp\htdocs\rsci-wh-ewms\app\cron\jda\daemon_pulling_po.php(12): cronEWMS->purchaseOrder()
#3 {main}
  thrown in C:\xampp\htdocs\rsci-wh-ewms\app\cron\ewms_connection.php on line 91
cron/ewms_connection: mysql:host=localhost;dbname=db 
DEBSPGMR 
PASSWORD 
Connecting to DB2... 
DRIVER=iSeries Access ODBC Driver;SYSTEM=172.16.1.2;DBQ=MMRSTLIB 
Resource id #10 
Executing SQL: SELECT POMRCH.POMRCV, POMRCH.PONUMB, POMRCH.POUNTS , POMHDR.POSHP1 as invoice_no, POMHDR.POEDAT 
				FROM POMRCH 
				LEFT JOIN POMHDR ON POMHDR.PONUMB = POMRCH.PONUMB 
				WHERE POMRCH.POSTAT = 3 
Exporting to CSV 

 Running method cronEWMS::purchaseOrder

 CSV FILE: db2_dump/purchase_order_header_1476775799.csv 

 db2_dump/purchase_order_header_1476775799.csv 
LOAD DATA LOCAL INFILE 'db2_dump/purchase_order_header_1476775799.csv'
					IGNORE
			    	INTO TABLE `wms_purchase_order_lists`
			    	FIELDS TERMINATED BY ','
			    		   ENCLOSED BY '\"'
			    		   ESCAPED BY ''
			    	LINES TERMINATED BY '\n'
			    	IGNORE 1 LINES ( @receiver_no, @purchase_order_no, @total_qty,  @the_voice_ph, @entry_date)
				set id="", receiver_no=@receiver_no, purchase_order_no=@purchase_order_no,    
					total_qty=@total_qty,   the_voice_ph=@the_voice_ph, entry_date=@entry_date 

Fatal error: Uncaught exception 'PDOException' with message 'SQLSTATE[42S22]: Column not found: 1054 Unknown column 'the_voice_ph' in 'field list'' in C:\xampp\htdocs\rsci-wh-ewms\app\cron\ewms_connection.php:91
Stack trace:
#0 C:\xampp\htdocs\rsci-wh-ewms\app\cron\ewms_connection.php(91): PDO->exec('LOAD DATA LOCAL...')
#1 C:\xampp\htdocs\rsci-wh-ewms\app\cron\ewms_cron_class.php(142): eWMSMigration->import('db2_dump/purcha...', 'wms_purchase_or...', '( @receiver_no,...')
#2 C:\xampp\htdocs\rsci-wh-ewms\app\cron\jda\daemon_pulling_po.php(12): cronEWMS->purchaseOrder()
#3 {main}
  thrown in C:\xampp\htdocs\rsci-wh-ewms\app\cron\ewms_connection.php on line 91
PHP Fatal error:  Uncaught exception 'PDOException' with message 'SQLSTATE[42S22]: Column not found: 1054 Unknown column 'the_voice_ph' in 'field list'' in C:\xampp\htdocs\rsci-wh-ewms\app\cron\ewms_connection.php:91
Stack trace:
#0 C:\xampp\htdocs\rsci-wh-ewms\app\cron\ewms_connection.php(91): PDO->exec('LOAD DATA LOCAL...')
#1 C:\xampp\htdocs\rsci-wh-ewms\app\cron\ewms_cron_class.php(142): eWMSMigration->import('db2_dump/purcha...', 'wms_purchase_or...', '( @receiver_no,...')
#2 C:\xampp\htdocs\rsci-wh-ewms\app\cron\jda\daemon_pulling_po.php(12): cronEWMS->purchaseOrder()
#3 {main}
  thrown in C:\xampp\htdocs\rsci-wh-ewms\app\cron\ewms_connection.php on line 91
cron/ewms_connection: mysql:host=localhost;dbname=db 
DEBSPGMR 
PASSWORD 
Connecting to DB2... 
DRIVER=iSeries Access ODBC Driver;SYSTEM=172.16.1.2;DBQ=MMRSTLIB 
Resource id #10 
Executing SQL: SELECT POMRCH.POMRCV, POMRCH.PONUMB, POMRCH.POUNTS , POMHDR.POSHP1 as invoice_no, POMHDR.POEDAT 
				FROM POMRCH 
				LEFT JOIN POMHDR ON POMHDR.PONUMB = POMRCH.PONUMB 
				WHERE POMRCH.POSTAT = 3 
Exporting to CSV 

 Running method cronEWMS::purchaseOrder

 CSV FILE: db2_dump/purchase_order_header_1476776652.csv 

 db2_dump/purchase_order_header_1476776652.csv 
LOAD DATA LOCAL INFILE 'db2_dump/purchase_order_header_1476776652.csv'
					IGNORE
			    	INTO TABLE `wms_purchase_order_lists`
			    	FIELDS TERMINATED BY ','
			    		   ENCLOSED BY '\"'
			    		   ESCAPED BY ''
			    	LINES TERMINATED BY '\n'
			    	IGNORE 1 LINES ( @receiver_no, @purchase_order_no, @total_qty,  @invoice_no, @entry_date)
				set id="", receiver_no=@receiver_no, purchase_order_no=@purchase_order_no,    
					total_qty=@total_qty,   invoice_no=@invoice_no, entry_date=@entry_date 

Fatal error: Uncaught exception 'PDOException' with message 'SQLSTATE[42S22]: Column not found: 1054 Unknown column 'invoice_no' in 'field list'' in C:\xampp\htdocs\rsci-wh-ewms\app\cron\ewms_connection.php:91
Stack trace:
#0 C:\xampp\htdocs\rsci-wh-ewms\app\cron\ewms_connection.php(91): PDO->exec('LOAD DATA LOCAL...')
#1 C:\xampp\htdocs\rsci-wh-ewms\app\cron\ewms_cron_class.php(142): eWMSMigration->import('db2_dump/purcha...', 'wms_purchase_or...', '( @receiver_no,...')
#2 C:\xampp\htdocs\rsci-wh-ewms\app\cron\jda\daemon_pulling_po.php(12): cronEWMS->purchaseOrder()
#3 {main}
  thrown in C:\xampp\htdocs\rsci-wh-ewms\app\cron\ewms_connection.php on line 91
PHP Fatal error:  Uncaught exception 'PDOException' with message 'SQLSTATE[42S22]: Column not found: 1054 Unknown column 'invoice_no' in 'field list'' in C:\xampp\htdocs\rsci-wh-ewms\app\cron\ewms_connection.php:91
Stack trace:
#0 C:\xampp\htdocs\rsci-wh-ewms\app\cron\ewms_connection.php(91): PDO->exec('LOAD DATA LOCAL...')
#1 C:\xampp\htdocs\rsci-wh-ewms\app\cron\ewms_cron_class.php(142): eWMSMigration->import('db2_dump/purcha...', 'wms_purchase_or...', '( @receiver_no,...')
#2 C:\xampp\htdocs\rsci-wh-ewms\app\cron\jda\daemon_pulling_po.php(12): cronEWMS->purchaseOrder()
#3 {main}
  thrown in C:\xampp\htdocs\rsci-wh-ewms\app\cron\ewms_connection.php on line 91
cron/ewms_connection: mysql:host=localhost;dbname=db 
DEBSPGMR 
PASSWORD 
Connecting to DB2... 
DRIVER=iSeries Access ODBC Driver;SYSTEM=172.16.1.2;DBQ=MMRSTLIB 
Resource id #10 
Executing SQL: SELECT POMRCH.POMRCV, POMRCH.PONUMB, POMRCH.POUNTS ,   POMHDR.POEDAT 
				FROM POMRCH 
				LEFT JOIN POMHDR ON POMHDR.PONUMB = POMRCH.PONUMB 
				WHERE POMRCH.POSTAT = 3 
Exporting to CSV 

 Running method cronEWMS::purchaseOrder

 CSV FILE: db2_dump/purchase_order_header_1476776717.csv 

 db2_dump/purchase_order_header_1476776717.csv 
LOAD DATA LOCAL INFILE 'db2_dump/purchase_order_header_1476776717.csv'
					IGNORE
			    	INTO TABLE `wms_purchase_order_lists`
			    	FIELDS TERMINATED BY ','
			    		   ENCLOSED BY '\"'
			    		   ESCAPED BY ''
			    	LINES TERMINATED BY '\n'
			    	IGNORE 1 LINES ( @receiver_no, @purchase_order_no, @total_qty,   @entry_date)
				set id="", receiver_no=@receiver_no, purchase_order_no=@purchase_order_no,    
					total_qty=@total_qty,     entry_date=@entry_date 
Loaded a total of 71 records from this csv file.
Closing odbc connection... 
Closing pdo connection... 
cron/ewms_connection: mysql:host=localhost;dbname=db 
DEBSPGMR 
PASSWORD 
Connecting to DB2... 
DRIVER=iSeries Access ODBC Driver;SYSTEM=172.16.1.2;DBQ=MMRSTLIB 
Resource id #10 
Executing SQL: SELECT POMRCH.POMRCV, POMRCH.PONUMB, POMRCH.POUNTS ,   POMHDR.POEDAT 
				FROM POMRCH 
				LEFT JOIN POMHDR ON POMHDR.PONUMB = POMRCH.PONUMB 
				WHERE POMRCH.POSTAT = 3 
Exporting to CSV 

 Running method cronEWMS::purchaseOrder

 CSV FILE: db2_dump/purchase_order_header_1476777082.csv 

 db2_dump/purchase_order_header_1476777082.csv 
LOAD DATA LOCAL INFILE 'db2_dump/purchase_order_header_1476777082.csv'
					IGNORE
			    	INTO TABLE `wms_purchase_order_lists`
			    	FIELDS TERMINATED BY ','
			    		   ENCLOSED BY '\"'
			    		   ESCAPED BY ''
			    	LINES TERMINATED BY '\n'
			    	IGNORE 1 LINES ( @receiver_no, @purchase_order_no, @total_qty,   @entry_date)
				set id="", receiver_no=@receiver_no, purchase_order_no=@purchase_order_no,    
					total_qty=@total_qty,     entry_date=@entry_date 
Loaded a total of 71 records from this csv file.
Closing odbc connection... 
Closing pdo connection... 
cron/ewms_connection: mysql:host=localhost;dbname=db 
DEBSPGMR 
PASSWORD 
Connecting to DB2... 
DRIVER=iSeries Access ODBC Driver;SYSTEM=172.16.1.2;DBQ=MMRSTLIB 
Resource id #10 
Executing SQL: SELECT POMRCH.POMRCV, POMRCH.PONUMB, POMRCH.POUNTS ,   POMHDR.POEDAT 
				FROM POMRCH 
				LEFT JOIN POMHDR ON POMHDR.PONUMB = POMRCH.PONUMB 
				WHERE POMRCH.POSTAT = 3 
Exporting to CSV 

 Running method cronEWMS::purchaseOrder

 CSV FILE: db2_dump/purchase_order_header_1476777161.csv 

 db2_dump/purchase_order_header_1476777161.csv 
LOAD DATA LOCAL INFILE 'db2_dump/purchase_order_header_1476777161.csv'
					IGNORE
			    	INTO TABLE `wms_purchase_order_lists`
			    	FIELDS TERMINATED BY ','
			    		   ENCLOSED BY '\"'
			    		   ESCAPED BY ''
			    	LINES TERMINATED BY '\n'
			    	IGNORE 1 LINES ( @receiver_no, @purchase_order_no, @total_qty,   @entry_date)
				set id="", receiver_no=@receiver_no, purchase_order_no=@purchase_order_no,    
					total_qty=@total_qty,     entry_date=@entry_date 
Loaded a total of 71 records from this csv file.
Closing odbc connection... 
Closing pdo connection... 
cron/ewms_connection: mysql:host=localhost;dbname=db 
DEBSPGMR 
PASSWORD 
Connecting to DB2... 
DRIVER=iSeries Access ODBC Driver;SYSTEM=172.16.1.2;DBQ=MMRSTLIB 
Resource id #10 
Executing SQL: SELECT POMRCH.POMRCV, POMRCH.PONUMB, POMRCH.POUNTS ,   POMHDR.POEDAT 
				FROM POMRCH 
				LEFT JOIN POMHDR ON POMHDR.PONUMB = POMRCH.PONUMB 
				WHERE POMRCH.POSTAT = 3 
Exporting to CSV 

 Running method cronEWMS::purchaseOrder

 CSV FILE: db2_dump/purchase_order_header_1476777192.csv 

 db2_dump/purchase_order_header_1476777192.csv 
LOAD DATA LOCAL INFILE 'db2_dump/purchase_order_header_1476777192.csv'
					IGNORE
			    	INTO TABLE `wms_purchase_order_lists`
			    	FIELDS TERMINATED BY ','
			    		   ENCLOSED BY '\"'
			    		   ESCAPED BY ''
			    	LINES TERMINATED BY '\n'
			    	IGNORE 1 LINES ( @receiver_no, @purchase_order_no, @total_qty,   @entry_date)
				set id="", receiver_no=@receiver_no, purchase_order_no=@purchase_order_no,    
					total_qty=@total_qty,     entry_date=@entry_date 
Loaded a total of 71 records from this csv file.
Closing odbc connection... 
Closing pdo connection... 

Fatal error: Class 'cronEWMS' not found in C:\xampp\htdocs\rsci-wh-ewms\app\cron\jda\daemon_pulling_po.php on line 7
PHP Fatal error:  Class 'cronEWMS' not found in C:\xampp\htdocs\rsci-wh-ewms\app\cron\jda\daemon_pulling_po.php on line 7

Fatal error: Class 'cronEWMS' not found in C:\xampp\htdocs\rsci-wh-ewms\app\cron\jda\daemon_pulling_po.php on line 7
PHP Fatal error:  Class 'cronEWMS' not found in C:\xampp\htdocs\rsci-wh-ewms\app\cron\jda\daemon_pulling_po.php on line 7
cron/ewms_connection: mysql:host=localhost;dbname=db 
DEBSPGMR 
PASSWORD 
Connecting to DB2... 
DRIVER=iSeries Access ODBC Driver;SYSTEM=172.16.1.2;DBQ=MMRSTLIB 
Resource id #10 
Executing SQL: SELECT POMRCH.POMRCV, POMRCH.PONUMB, POMRCH.POUNTS ,   POMHDR.POEDAT 
				FROM POMRCH 
				LEFT JOIN POMHDR ON POMHDR.PONUMB = POMRCH.PONUMB 
				WHERE POMRCH.POSTAT = 3 
Exporting to CSV 

 Running method cronEWMS::purchaseOrder

 CSV FILE: db2_dump/purchase_order_header_1476777269.csv 

 db2_dump/purchase_order_header_1476777269.csv 
LOAD DATA LOCAL INFILE 'db2_dump/purchase_order_header_1476777269.csv'
					IGNORE
			    	INTO TABLE `wms_purchase_order_lists`
			    	FIELDS TERMINATED BY ','
			    		   ENCLOSED BY '\"'
			    		   ESCAPED BY ''
			    	LINES TERMINATED BY '\n'
			    	IGNORE 1 LINES ( @receiver_no, @purchase_order_no, @total_qty,   @entry_date)
				set id="", receiver_no=@receiver_no, purchase_order_no=@purchase_order_no,    
					total_qty=@total_qty,     entry_date=@entry_date 
Loaded a total of 71 records from this csv file.
Closing odbc connection... 
Closing pdo connection... 
cron/ewms_connection: mysql:host=localhost;dbname=db 
DEBSPGMR 
PASSWORD 
Connecting to DB2... 
DRIVER=iSeries Access ODBC Driver;SYSTEM=172.16.1.2;DBQ=MMRSTLIB 
Resource id #10 
Executing SQL: SELECT POMRCH.POMRCV, POMRCH.PONUMB, POMRCH.POUNTS ,   POMHDR.POEDAT 
				FROM POMRCH 
				LEFT JOIN POMHDR ON POMHDR.PONUMB = POMRCH.PONUMB 
				WHERE POMRCH.POSTAT = 3 
Exporting to CSV 

 Running method cronEWMS::purchaseOrder

 CSV FILE: db2_dump/purchase_order_header_1476777422.csv 

 db2_dump/purchase_order_header_1476777422.csv 
LOAD DATA LOCAL INFILE 'db2_dump/purchase_order_header_1476777422.csv'
					IGNORE
			    	INTO TABLE `wms_purchase_order_lists`
			    	FIELDS TERMINATED BY ','
			    		   ENCLOSED BY '\"'
			    		   ESCAPED BY ''
			    	LINES TERMINATED BY '\n'
			    	IGNORE 1 LINES ( @receiver_no, @purchase_order_no, @total_qty,   @entry_date)
				set   receiver_no=@receiver_no, purchase_order_no=@purchase_order_no,    
					total_qty=@total_qty,  entry_date=@entry_date 
Loaded a total of 71 records from this csv file.
Closing odbc connection... 
Closing pdo connection... 
cron/ewms_connection: mysql:host=localhost;dbname=db 
DEBSPGMR 
PASSWORD 
Connecting to DB2... 
DRIVER=iSeries Access ODBC Driver;SYSTEM=172.16.1.2;DBQ=MMRSTLIB 
Resource id #10 
Executing SQL: SELECT POMRCH.POMRCV, POMRCH.PONUMB, POMRCH.POUNTS ,   POMHDR.POEDAT 
				FROM POMRCH 
				LEFT JOIN POMHDR ON POMHDR.PONUMB = POMRCH.PONUMB 
				WHERE POMRCH.POSTAT = 3 
Exporting to CSV 

 Running method cronEWMS::purchaseOrder

 CSV FILE: db2_dump/purchase_order_header_1476777466.csv 

 db2_dump/purchase_order_header_1476777466.csv 
LOAD DATA LOCAL INFILE 'db2_dump/purchase_order_header_1476777466.csv'
					IGNORE
			    	INTO TABLE `wms_purchase_order_lists`
			    	FIELDS TERMINATED BY ','
			    		   ENCLOSED BY '\"'
			    		   ESCAPED BY ''
			    	LINES TERMINATED BY '\n'
			    	IGNORE 1 LINES ( @receiver_no, @purchase_order_no, @total_qty,   @entry_date)
				set   receiver_no=@receiver_no, purchase_order_no=@purchase_order_no,    
					total_qty=@total_qty,  entry_date=@entry_date 
Loaded a total of 71 records from this csv file.
Executing SQL: SELECT DISTINCT POMRCD.INUMBR, INVUPC.IUPC, POMRCD.POMRCV,   INVDPT.IDEPT, pomrcd.pomqty, INVDPT.DPTNAM
FROM POMRCD
LEFT JOIN INVUPC ON POMRCD.INUMBR = INVUPC.INUMBR
LEFT JOIN INVMST ON POMRCD.INUMBR = INVMST.INUMBR
LEFT JOIN INVDPT ON INVMST.IDEPT = INVDPT.IDEPT
LEFT JOIN POMRCH ON POMRCD.POMRCV = POMRCH.POMRCV
WHERE POMRCH.POSTAT = 3 AND INVDPT.ISDEPT=0  AND INVDPT.ICLAS=0 AND INVDPT.ISCLAS=0  
Exporting to CSV 

 Running method cronEWMS::purchaseOrderDetails

 CSV FILE: db2_dump/purchase_order_detail_1476777475.csv 

 db2_dump/purchase_order_detail_1476777475.csv 
LOAD DATA LOCAL INFILE 'db2_dump/purchase_order_detail_1476777475.csv'
					IGNORE
			    	INTO TABLE `wms_purchase_order_details`
			    	FIELDS TERMINATED BY ','
			    		   ENCLOSED BY '\"'
			    		   ESCAPED BY ''
			    	LINES TERMINATED BY '\n'
			    	IGNORE 1 LINES (@sku, @upc, @receiver_no, @dept_number, @quantity_ordered,@dept_name) set sku=@sku, upc=@upc, receiver_no=@receiver_no,dept_number=@dept_number,quantity_ordered=@quantity_ordered,division=@dept_name,po_status="1" 
Loaded a total of 442 records from this csv file.
Closing odbc connection... 
Closing pdo connection... 
cron/ewms_connection: mysql:host=localhost;dbname=db 
DEBSPGMR 
PASSWORD 
Connecting to DB2... 
DRIVER=iSeries Access ODBC Driver;SYSTEM=172.16.1.2;DBQ=MMRSTLIB 
Resource id #10 
Executing SQL: SELECT POMRCH.POMRCV, POMRCH.PONUMB, POMRCH.POUNTS ,   POMHDR.POEDAT 
				FROM POMRCH 
				LEFT JOIN POMHDR ON POMHDR.PONUMB = POMRCH.PONUMB 
				WHERE POMRCH.POSTAT = 3 
Exporting to CSV 

 Running method cronEWMS::purchaseOrder

 CSV FILE: db2_dump/purchase_order_header_1476777533.csv 

 db2_dump/purchase_order_header_1476777533.csv 
LOAD DATA LOCAL INFILE 'db2_dump/purchase_order_header_1476777533.csv'
					IGNORE
			    	INTO TABLE `wms_purchase_order_lists`
			    	FIELDS TERMINATED BY ','
			    		   ENCLOSED BY '\"'
			    		   ESCAPED BY ''
			    	LINES TERMINATED BY '\n'
			    	IGNORE 1 LINES ( @receiver_no, @purchase_order_no, @total_qty,   @entry_date)
				set   receiver_no=@receiver_no, purchase_order_no=@purchase_order_no,    
					total_qty=@total_qty,  entry_date=@entry_date 
Loaded a total of 71 records from this csv file.
Closing odbc connection... 
Closing pdo connection... 
cron/ewms_connection: mysql:host=localhost;dbname=db 
DEBSPGMR 
PASSWORD 
Connecting to DB2... 
DRIVER=iSeries Access ODBC Driver;SYSTEM=172.16.1.2;DBQ=MMRSTLIB 
Resource id #10 
Executing SQL: SELECT POMRCH.POMRCV, POMRCH.PONUMB, POMRCH.POUNTS ,   POMHDR.POEDAT 
				FROM POMRCH 
				LEFT JOIN POMHDR ON POMHDR.PONUMB = POMRCH.PONUMB 
				WHERE POMRCH.POSTAT = 3 
Exporting to CSV 

 Running method cronEWMS::purchaseOrder

 CSV FILE: db2_dump/purchase_order_header_1476777586.csv 

 db2_dump/purchase_order_header_1476777586.csv 
LOAD DATA LOCAL INFILE 'db2_dump/purchase_order_header_1476777586.csv'
					IGNORE
			    	INTO TABLE `wms_purchase_order_lists`
			    	FIELDS TERMINATED BY ','
			    		   ENCLOSED BY '\"'
			    		   ESCAPED BY ''
			    	LINES TERMINATED BY '\n'
			    	IGNORE 1 LINES ( @receiver_no, @purchase_order_no, @total_qty,   @entry_date)
				set   receiver_no=@receiver_no, purchase_order_no=@purchase_order_no,    
					total_qty=@total_qty,  entry_date=@entry_date 
Loaded a total of 71 records from this csv file.
Executing SQL: SELECT DISTINCT POMRCD.INUMBR, INVUPC.IUPC, POMRCD.POMRCV,   INVDPT.IDEPT, pomrcd.pomqty, INVDPT.DPTNAM
FROM POMRCD
LEFT JOIN INVUPC ON POMRCD.INUMBR = INVUPC.INUMBR
LEFT JOIN INVMST ON POMRCD.INUMBR = INVMST.INUMBR
LEFT JOIN INVDPT ON INVMST.IDEPT = INVDPT.IDEPT
LEFT JOIN POMRCH ON POMRCD.POMRCV = POMRCH.POMRCV
WHERE POMRCH.POSTAT = 3 AND INVDPT.ISDEPT=0  AND INVDPT.ICLAS=0 AND INVDPT.ISCLAS=0  
Exporting to CSV 

 Running method cronEWMS::purchaseOrderDetails

 CSV FILE: db2_dump/purchase_order_detail_1476777595.csv 

 db2_dump/purchase_order_detail_1476777595.csv 
LOAD DATA LOCAL INFILE 'db2_dump/purchase_order_detail_1476777595.csv'
					IGNORE
			    	INTO TABLE `wms_purchase_order_details`
			    	FIELDS TERMINATED BY ','
			    		   ENCLOSED BY '\"'
			    		   ESCAPED BY ''
			    	LINES TERMINATED BY '\n'
			    	IGNORE 1 LINES (@sku, @upc, @receiver_no, @dept_number, @quantity_ordered,@dept_name) set sku=@sku, upc=@upc, receiver_no=@receiver_no,dept_number=@dept_number,quantity_ordered=@quantity_ordered,division=@dept_name,po_status="1" 
Loaded a total of 442 records from this csv file.
Executing SQL: SELECT   whsmvh.whmove   
FROM  whsmvh
where whsmvh.whmvtp = 2  AND whsmvh.WHMVST = 1 
Exporting to CSV 

 Running method cronEWMS::picklist

 CSV FILE: db2_dump/picklist_header_1476777598.csv 

 db2_dump/picklist_header_1476777598.csv 
LOAD DATA LOCAL INFILE 'db2_dump/picklist_header_1476777598.csv'
					IGNORE
			    	INTO TABLE `wms_picklist`
			    	FIELDS TERMINATED BY ','
			    		   ENCLOSED BY '\"'
			    		   ESCAPED BY ''
			    	LINES TERMINATED BY '\n'
			    	IGNORE 1 LINES (@move_doc_number) set move_doc_number=@move_doc_number 
Loaded a total of 0 records from this csv file.
Executing SQL: SELECT  whmove, invupc.IUPC, Whmfsl, WHMVQR, trfhdr.TRFTLC , trfbdt
from whsmvd
LEFT join invupc on whsmvd.inumbr = invupc.inumbr
LEFT JOIN TRFHDR ON WHSMVD.WHMVSR = TRFHDR.TRFBCH 
Exporting to CSV 

 Running method cronEWMS::picklistDetail

 CSV FILE: db2_dump/picklist_detail_1476777620.csv 

 db2_dump/picklist_detail_1476777620.csv 
LOAD DATA LOCAL INFILE 'db2_dump/picklist_detail_1476777620.csv'
					IGNORE
			    	INTO TABLE `wms_picklist_details`
			    	FIELDS TERMINATED BY ','
			    		   ENCLOSED BY '\"'
			    		   ESCAPED BY ''
			    	LINES TERMINATED BY '\n'
			    	IGNORE 1 LINES (  @move_doc_number, @sku, @from_slot_code, @quantity_to_pick, @store_code, @created_at )
				set  move_doc_number=@move_doc_number, sku=@sku, from_slot_code=@from_slot_code,
					quantity_to_pick=@quantity_to_pick, store_code=@store_code, created_at=@created_at 
Loaded a total of 0 records from this csv file.
Executing SQL: SELECT trfhdr.trfbch, trfhdr.trfflc, trfhdr.trftlc
				FROM trfhdr
				left join tblstr on tblstr.strnum = trfhdr.trftlc 
				WHERE trfsts = 'S' and trftlc != 8001 and trftyp = 1 and tblstr.strtyp='U' 
Exporting to CSV 

 Running method cronEWMS::storeReturn

 CSV FILE: db2_dump/store_return_header_1476777630.csv 

 db2_dump/store_return_header_1476777630.csv 
LOAD DATA LOCAL INFILE 'db2_dump/store_return_header_1476777630.csv'
					IGNORE
			    	INTO TABLE `wms_store_return`
			    	FIELDS TERMINATED BY ','
			    		   ENCLOSED BY '\"'
			    		   ESCAPED BY ''
			    	LINES TERMINATED BY '\n'
			    	IGNORE 1 LINES (@so_no, @from_store_code, @subloc_to_store_code) set so_no=@so_no, subloc_to_store_code=@to_store_code, from_store_code=@from_store_code 

Fatal error: Uncaught exception 'PDOException' with message 'SQLSTATE[42S22]: Column not found: 1054 Unknown column 'subloc_to_store_code' in 'field list'' in C:\xampp\htdocs\rsci-wh-ewms\app\cron\ewms_connection.php:91
Stack trace:
#0 C:\xampp\htdocs\rsci-wh-ewms\app\cron\ewms_connection.php(91): PDO->exec('LOAD DATA LOCAL...')
#1 C:\xampp\htdocs\rsci-wh-ewms\app\cron\ewms_cron_class.php(193): eWMSMigration->import('db2_dump/store_...', 'wms_store_retur...', '(@so_no, @from_...')
#2 C:\xampp\htdocs\rsci-wh-ewms\app\cron\jda\daemon_pulling_po.php(25): cronEWMS->storeReturn()
#3 {main}
  thrown in C:\xampp\htdocs\rsci-wh-ewms\app\cron\ewms_connection.php on line 91
PHP Fatal error:  Uncaught exception 'PDOException' with message 'SQLSTATE[42S22]: Column not found: 1054 Unknown column 'subloc_to_store_code' in 'field list'' in C:\xampp\htdocs\rsci-wh-ewms\app\cron\ewms_connection.php:91
Stack trace:
#0 C:\xampp\htdocs\rsci-wh-ewms\app\cron\ewms_connection.php(91): PDO->exec('LOAD DATA LOCAL...')
#1 C:\xampp\htdocs\rsci-wh-ewms\app\cron\ewms_cron_class.php(193): eWMSMigration->import('db2_dump/store_...', 'wms_store_retur...', '(@so_no, @from_...')
#2 C:\xampp\htdocs\rsci-wh-ewms\app\cron\jda\daemon_pulling_po.php(25): cronEWMS->storeReturn()
#3 {main}
  thrown in C:\xampp\htdocs\rsci-wh-ewms\app\cron\ewms_connection.php on line 91
