Could not open input file: C:\xampp\htdocs\rsci-wh-ewms\app\helpers/app/jda4r4/daemon_pulling_po.php
Could not open input file: C:\xampp\htdocs\rsci-wh-ewms\app\helpers/app/jda4r4/daemon_pulling_po.php
Could not open input file: C:\xampp\htdocs\rsci-wh-ewms\app\helpers/app/jda4r4/daemon_pulling_po.php
Could not open input file: C:\xampp\htdocs\rsci-wh-ewms\app\helpers/app/jda4r4/daemon_pulling_po.php



cron/ewms_connection: mysql:host=localhost;dbname=deve 
DEBSPGMR 
PASSWORD 
Connecting to DB2... 
DRIVER=iSeries Access ODBC Driver;SYSTEM=JDAPROD2.RGOC.COM.PH;DBQ=MMRSTLIB 
Resource id #10 
Executing SQL: SELECT whsmvh.whmove  , whsmvd.whmvsr
				FROM  whsmvh
				left join whsmvd on whsmvh.whmove = whsmvd.whmove
				where whsmvh.whmvtp = 2  AND whsmvh.WHMVST = 1 
Exporting to CSV 

 Running method cronEWMS::picklist

 CSV FILE: db2_dump/picklist_header_1478245898.csv 

 db2_dump/picklist_header_1478245898.csv 
LOAD DATA LOCAL INFILE 'db2_dump/picklist_header_1478245898.csv'
					IGNORE
			    	INTO TABLE `wms_picklist`
			    	FIELDS TERMINATED BY ','
			    		   ENCLOSED BY '\"'
			    		   ESCAPED BY ''
			    	LINES TERMINATED BY '\n'
			    	IGNORE 1 LINES (@move_doc_number, @transfer_no) set move_doc_number=@move_doc_number, transfer_no=@transfer_no 
Loaded a total of 6 records from this csv file.
Executing SQL: SELECT  whmove, invupc.IUPC, Whmfsl, WHMVQR, trfhdr.TRFTLC , trfbdt
from whsmvd
LEFT join invupc on whsmvd.inumbr = invupc.inumbr
LEFT JOIN TRFHDR ON WHSMVD.WHMVSR = TRFHDR.TRFBCH 
Exporting to CSV 

 Running method cronEWMS::picklistDetail

 CSV FILE: db2_dump/picklist_detail_1478245918.csv 

 db2_dump/picklist_detail_1478245918.csv 
LOAD DATA LOCAL INFILE 'db2_dump/picklist_detail_1478245918.csv'
					IGNORE
			    	INTO TABLE `wms_picklist_details`
			    	FIELDS TERMINATED BY ','
			    		   ENCLOSED BY '\"'
			    		   ESCAPED BY ''
			    	LINES TERMINATED BY '\n'
			    	IGNORE 1 LINES (  @move_doc_number, @sku, @from_slot_code, @quantity_to_pick, @store_code, @created_at )
				set  move_doc_number=@move_doc_number, sku=@sku, from_slot_code=@from_slot_code,
					quantity_to_pick=@quantity_to_pick, store_code=@store_code, created_at=@created_at 
Loaded a total of 718 records from this csv file.
Closing odbc connection... 
Closing pdo connection... 



cron/ewms_connection: mysql:host=localhost;dbname=deve 
DEBSPGMR 
PASSWORD 
Connecting to DB2... 
DRIVER=iSeries Access ODBC Driver;SYSTEM=JDAPROD2.RGOC.COM.PH;DBQ=MMRSTLIB 
Resource id #10 
Executing SQL: SELECT whsmvh.whmove  , whsmvd.whmvsr
				FROM  whsmvh
				left join whsmvd on whsmvh.whmove = whsmvd.whmove
				where whsmvh.whmvtp = 2  AND whsmvh.WHMVST = 1 
Exporting to CSV 

 Running method cronEWMS::picklist

 CSV FILE: db2_dump/picklist_header_1478245953.csv 

 db2_dump/picklist_header_1478245953.csv 
LOAD DATA LOCAL INFILE 'db2_dump/picklist_header_1478245953.csv'
					IGNORE
			    	INTO TABLE `wms_picklist`
			    	FIELDS TERMINATED BY ','
			    		   ENCLOSED BY '\"'
			    		   ESCAPED BY ''
			    	LINES TERMINATED BY '\n'
			    	IGNORE 1 LINES (@move_doc_number, @transfer_no) set move_doc_number=@move_doc_number, transfer_no=@transfer_no 
Loaded a total of 0 records from this csv file.
Executing SQL: SELECT  whmove, invupc.IUPC, Whmfsl, WHMVQR, trfhdr.TRFTLC , trfbdt
from whsmvd
LEFT join invupc on whsmvd.inumbr = invupc.inumbr
LEFT JOIN TRFHDR ON WHSMVD.WHMVSR = TRFHDR.TRFBCH 
Exporting to CSV 

 Running method cronEWMS::picklistDetail

 CSV FILE: db2_dump/picklist_detail_1478245971.csv 

 db2_dump/picklist_detail_1478245971.csv 
LOAD DATA LOCAL INFILE 'db2_dump/picklist_detail_1478245971.csv'
					IGNORE
			    	INTO TABLE `wms_picklist_details`
			    	FIELDS TERMINATED BY ','
			    		   ENCLOSED BY '\"'
			    		   ESCAPED BY ''
			    	LINES TERMINATED BY '\n'
			    	IGNORE 1 LINES (  @move_doc_number, @sku, @from_slot_code, @quantity_to_pick, @store_code, @created_at )
				set  move_doc_number=@move_doc_number, sku=@sku, from_slot_code=@from_slot_code,
					quantity_to_pick=@quantity_to_pick, store_code=@store_code, created_at=@created_at 
Loaded a total of 0 records from this csv file.
Closing odbc connection... 
Closing pdo connection... 
