cron/ewms_connection: mysql:host=localhost;dbname=db 

 Running method cronEWMS::purchaseOrder

 CSV FILE: db2_dump/purchase_order_header_1476777979.csv 

 db2_dump/purchase_order_header_1476777979.csv 
LOAD DATA LOCAL INFILE 'db2_dump/purchase_order_header_1476777979.csv'
					IGNORE
			    	INTO TABLE `wms_purchase_order_lists`
			    	FIELDS TERMINATED BY ','
			    		   ENCLOSED BY '\"'
			    		   ESCAPED BY ''
			    	LINES TERMINATED BY '\n'
			    	IGNORE 1 LINES ( @receiver_no, @purchase_order_no, @total_qty,   @entry_date)
				set   receiver_no=@receiver_no, purchase_order_no=@purchase_order_no,    
					total_qty=@total_qty,  entry_date=@entry_date 
Loaded a total of 71 records from this csv file.
Closing pdo connection... 
cron/ewms_connection: mysql:host=localhost;dbname=deve 

 Running method cronEWMS::purchaseOrder

 CSV FILE: db2_dump/purchase_order_header_1476777979.csv 

 db2_dump/purchase_order_header_1476777979.csv 
LOAD DATA LOCAL INFILE 'db2_dump/purchase_order_header_1476777979.csv'
					IGNORE
			    	INTO TABLE `wms_purchase_order_lists`
			    	FIELDS TERMINATED BY ','
			    		   ENCLOSED BY '\"'
			    		   ESCAPED BY ''
			    	LINES TERMINATED BY '\n'
			    	IGNORE 1 LINES ( @receiver_no, @purchase_order_no, @total_qty,   @entry_date)
				set   receiver_no=@receiver_no, purchase_order_no=@purchase_order_no,    
					total_qty=@total_qty,  entry_date=@entry_date 
Loaded a total of 71 records from this csv file.
Closing pdo connection... 
cron/ewms_connection: mysql:host=localhost;dbname=deve 

 Running method cronEWMS::purchaseOrder

 CSV FILE: db2_dump/purchase_order_header_1476777979.csv 

 db2_dump/purchase_order_header_1476777979.csv 
LOAD DATA LOCAL INFILE 'db2_dump/purchase_order_header_1476777979.csv'
					IGNORE
			    	INTO TABLE `wms_purchase_order_lists`
			    	FIELDS TERMINATED BY ','
			    		   ENCLOSED BY '\"'
			    		   ESCAPED BY ''
			    	LINES TERMINATED BY '\n'
			    	IGNORE 1 LINES ( @receiver_no, @purchase_order_no, @total_qty,   @entry_date)
				set   receiver_no=@receiver_no, purchase_order_no=@purchase_order_no,    
					total_qty=@total_qty,  entry_date=@entry_date 
Loaded a total of 71 records from this csv file.
Closing pdo connection... 
cron/ewms_connection: mysql:host=localhost;dbname=deve 

 Running method cronEWMS::purchaseOrder

 CSV FILE: db2_dump/purchase_order_header_1476777979.csv 

 db2_dump/purchase_order_header_1476777979.csv 
LOAD DATA LOCAL INFILE 'db2_dump/purchase_order_header_1476777979.csv'
					IGNORE
			    	INTO TABLE `wms_purchase_order_lists`
			    	FIELDS TERMINATED BY ','
			    		   ENCLOSED BY '\"'
			    		   ESCAPED BY ''
			    	LINES TERMINATED BY '\n'
			    	IGNORE 1 LINES ( @receiver_no, @purchase_order_no, @total_qty,   @entry_date)
				set   receiver_no=@receiver_no, purchase_order_no=@purchase_order_no,    
					total_qty=@total_qty,  entry_date=@entry_date 
Loaded a total of 71 records from this csv file.
Closing pdo connection... 
cron/ewms_connection: mysql:host=localhost;dbname=deve 
DEBSPGMR 
PASSWORD 
Connecting to DB2... 
DRIVER=iSeries Access ODBC Driver;SYSTEM=172.16.1.2;DBQ=MMRSTLIB 
Error! Couldn't Connect To Database. Error Code:  08S01cron/ewms_connection: mysql:host=localhost;dbname=deve 
DEBSPGMR 
PASSWORD 
Connecting to DB2... 
DRIVER=iSeries Access ODBC Driver;SYSTEM=172.16.1.2;DBQ=MMRSTLIB 
Error! Couldn't Connect To Database. Error Code:  08S01cron/ewms_connection: mysql:host=localhost;dbname=deve 

 Running method cronEWMS::purchaseOrder

 CSV FILE: db2_dump/purchase_order_header_1476777979.csv 

 db2_dump/purchase_order_header_1476777979.csv 
LOAD DATA LOCAL INFILE 'db2_dump/purchase_order_header_1476777979.csv'
					IGNORE
			    	INTO TABLE `wms_purchase_order_lists`
			    	FIELDS TERMINATED BY ','
			    		   ENCLOSED BY '\"'
			    		   ESCAPED BY ''
			    	LINES TERMINATED BY '\n'
			    	IGNORE 1 LINES ( @receiver_no, @purchase_order_no, @total_qty,   @entry_date)
				set   receiver_no=@receiver_no, purchase_order_no=@purchase_order_no,    
					total_qty=@total_qty,  entry_date=@entry_date 
Loaded a total of 71 records from this csv file.

 Running method cronEWMS::purchaseOrderDetails

 CSV FILE: db2_dump/purchase_order_detail_1476777991.csv 

 db2_dump/purchase_order_detail_1476777991.csv 
LOAD DATA LOCAL INFILE 'db2_dump/purchase_order_detail_1476777991.csv'
					IGNORE
			    	INTO TABLE `wms_purchase_order_details`
			    	FIELDS TERMINATED BY ','
			    		   ENCLOSED BY '\"'
			    		   ESCAPED BY ''
			    	LINES TERMINATED BY '\n'
			    	IGNORE 1 LINES (@sku, @upc, @receiver_no, @dept_number, @quantity_ordered,@dept_name) set sku=@sku, upc=@upc, receiver_no=@receiver_no,dept_number=@dept_number,quantity_ordered=@quantity_ordered,division=@dept_name,po_status="1" 
Loaded a total of 442 records from this csv file.

 Running method cronEWMS::picklist

 CSV FILE: db2_dump/picklist_header_1476777994.csv 

 db2_dump/picklist_header_1476777994.csv 
LOAD DATA LOCAL INFILE 'db2_dump/picklist_header_1476777994.csv'
					IGNORE
			    	INTO TABLE `wms_picklist`
			    	FIELDS TERMINATED BY ','
			    		   ENCLOSED BY '\"'
			    		   ESCAPED BY ''
			    	LINES TERMINATED BY '\n'
			    	IGNORE 1 LINES (@move_doc_number) set move_doc_number=@move_doc_number 
Loaded a total of 9 records from this csv file.

 Running method cronEWMS::picklistDetail

 CSV FILE: db2_dump/picklist_detail_1476778026.csv 

 db2_dump/picklist_detail_1476778026.csv 
LOAD DATA LOCAL INFILE 'db2_dump/picklist_detail_1476778026.csv'
					IGNORE
			    	INTO TABLE `wms_picklist_details`
			    	FIELDS TERMINATED BY ','
			    		   ENCLOSED BY '\"'
			    		   ESCAPED BY ''
			    	LINES TERMINATED BY '\n'
			    	IGNORE 1 LINES (  @move_doc_number, @sku, @from_slot_code, @quantity_to_pick, @store_code, @created_at )
				set  move_doc_number=@move_doc_number, sku=@sku, from_slot_code=@from_slot_code,
					quantity_to_pick=@quantity_to_pick, store_code=@store_code, created_at=@created_at 
Loaded a total of 717 records from this csv file.

 Running method cronEWMS::storeReturn

 CSV FILE: db2_dump/store_return_header_1476778524.csv 

 db2_dump/store_return_header_1476778524.csv 
LOAD DATA LOCAL INFILE 'db2_dump/store_return_header_1476778524.csv'
					IGNORE
			    	INTO TABLE `wms_store_return`
			    	FIELDS TERMINATED BY ','
			    		   ENCLOSED BY '\"'
			    		   ESCAPED BY ''
			    	LINES TERMINATED BY '\n'
			    	IGNORE 1 LINES (@so_no) set so_no=@so_no 
Loaded a total of 2 records from this csv file.

 Running method cronEWMS::storeReturnDetail

 CSV FILE: db2_dump/store_return_detail_1476778577.csv 

 db2_dump/store_return_detail_1476778577.csv 
LOAD DATA LOCAL INFILE 'db2_dump/store_return_detail_1476778577.csv'
					IGNORE
			    	INTO TABLE `wms_store_return_detail`
			    	FIELDS TERMINATED BY ','
			    		   ENCLOSED BY '\"'
			    		   ESCAPED BY ''
			    	LINES TERMINATED BY '\n'
			    	IGNORE 1 LINES (@so_no, @sku, @ordered_qty) set so_no=@so_no, sku=@sku, delivered_qty=@delivered_qty 
Loaded a total of 575 records from this csv file.

 Running method cronEWMS::storeReturn_pick

Fatal error: Access to undeclared static property: cronEWMS::$store_return_pickinglist in C:\xampp\htdocs\rsci-wh-ewms\app\cron\ewms_cron_class.php on line 212
PHP Fatal error:  Access to undeclared static property: cronEWMS::$store_return_pickinglist in C:\xampp\htdocs\rsci-wh-ewms\app\cron\ewms_cron_class.php on line 212
cron/ewms_connection: mysql:host=localhost;dbname=deve 

 Running method cronEWMS::storeReturn_pick

 CSV FILE: db2_dump/store_return_pickinglist_1476778195.csv 

 db2_dump/store_return_pickinglist_1476778195.csv 
LOAD DATA LOCAL INFILE 'db2_dump/store_return_pickinglist_1476778195.csv'
					IGNORE
			    	INTO TABLE `wms_store_return_pickinglist`
			    	FIELDS TERMINATED BY ','
			    		   ENCLOSED BY '\"'
			    		   ESCAPED BY ''
			    	LINES TERMINATED BY '\n'
			    	IGNORE 1 LINES (@so_no) set so_no=@so_no 

Fatal error: Uncaught exception 'PDOException' with message 'SQLSTATE[42S22]: Column not found: 1054 Unknown column 'so_no' in 'field list'' in C:\xampp\htdocs\rsci-wh-ewms\app\cron\ewms_connection.php:91
Stack trace:
#0 C:\xampp\htdocs\rsci-wh-ewms\app\cron\ewms_connection.php(91): PDO->exec('LOAD DATA LOCAL...')
#1 C:\xampp\htdocs\rsci-wh-ewms\app\cron\ewms_cron_class.php(217): eWMSMigration->import('db2_dump/store_...', 'wms_store_retur...', '(@so_no) set so...')
#2 C:\xampp\htdocs\rsci-wh-ewms\app\cron\jda\daemon_pulling_po.php(31): cronEWMS->storeReturn_pick()
#3 {main}
  thrown in C:\xampp\htdocs\rsci-wh-ewms\app\cron\ewms_connection.php on line 91
PHP Fatal error:  Uncaught exception 'PDOException' with message 'SQLSTATE[42S22]: Column not found: 1054 Unknown column 'so_no' in 'field list'' in C:\xampp\htdocs\rsci-wh-ewms\app\cron\ewms_connection.php:91
Stack trace:
#0 C:\xampp\htdocs\rsci-wh-ewms\app\cron\ewms_connection.php(91): PDO->exec('LOAD DATA LOCAL...')
#1 C:\xampp\htdocs\rsci-wh-ewms\app\cron\ewms_cron_class.php(217): eWMSMigration->import('db2_dump/store_...', 'wms_store_retur...', '(@so_no) set so...')
#2 C:\xampp\htdocs\rsci-wh-ewms\app\cron\jda\daemon_pulling_po.php(31): cronEWMS->storeReturn_pick()
#3 {main}
  thrown in C:\xampp\htdocs\rsci-wh-ewms\app\cron\ewms_connection.php on line 91
cron/ewms_connection: mysql:host=localhost;dbname=deve 

 Running method cronEWMS::storeReturn_pick

 CSV FILE: db2_dump/store_return_pickinglist_1476778195.csv 

 db2_dump/store_return_pickinglist_1476778195.csv 
LOAD DATA LOCAL INFILE 'db2_dump/store_return_pickinglist_1476778195.csv'
					IGNORE
			    	INTO TABLE `wms_store_return_pickinglist`
			    	FIELDS TERMINATED BY ','
			    		   ENCLOSED BY '\"'
			    		   ESCAPED BY ''
			    	LINES TERMINATED BY '\n'
			    	IGNORE 1 LINES (@move_doc_number) set move_doc_number=@move_doc_number 
Loaded a total of 52 records from this csv file.

 Running method cronEWMS::storeReturnDetail_pick

 CSV FILE: db2_dump/store_return_pick_details_1476779494.csv 

 db2_dump/store_return_pick_details_1476779494.csv 
LOAD DATA LOCAL INFILE 'db2_dump/store_return_pick_details_1476779494.csv'
					IGNORE
			    	INTO TABLE `wms_store_return_pick_details`
			    	FIELDS TERMINATED BY ','
			    		   ENCLOSED BY '\"'
			    		   ESCAPED BY ''
			    	LINES TERMINATED BY '\n'
			    	IGNORE 1 LINES (@so_no, @to_store_code, @upc, @from_store_code, @quantity_to_pick) set so_no=@so_no, to_store_code=@to_store_code, upc=@upc, from_store_code=@from_store_code, delivered_qty=@delivered_qty 

Fatal error: Uncaught exception 'PDOException' with message 'SQLSTATE[42S22]: Column not found: 1054 Unknown column 'so_no' in 'field list'' in C:\xampp\htdocs\rsci-wh-ewms\app\cron\ewms_connection.php:91
Stack trace:
#0 C:\xampp\htdocs\rsci-wh-ewms\app\cron\ewms_connection.php(91): PDO->exec('LOAD DATA LOCAL...')
#1 C:\xampp\htdocs\rsci-wh-ewms\app\cron\ewms_cron_class.php(228): eWMSMigration->import('db2_dump/store_...', 'wms_store_retur...', '(@so_no, @to_st...')
#2 C:\xampp\htdocs\rsci-wh-ewms\app\cron\jda\daemon_pulling_po.php(35): cronEWMS->storeReturnDetail_pick()
#3 {main}
  thrown in C:\xampp\htdocs\rsci-wh-ewms\app\cron\ewms_connection.php on line 91
PHP Fatal error:  Uncaught exception 'PDOException' with message 'SQLSTATE[42S22]: Column not found: 1054 Unknown column 'so_no' in 'field list'' in C:\xampp\htdocs\rsci-wh-ewms\app\cron\ewms_connection.php:91
Stack trace:
#0 C:\xampp\htdocs\rsci-wh-ewms\app\cron\ewms_connection.php(91): PDO->exec('LOAD DATA LOCAL...')
#1 C:\xampp\htdocs\rsci-wh-ewms\app\cron\ewms_cron_class.php(228): eWMSMigration->import('db2_dump/store_...', 'wms_store_retur...', '(@so_no, @to_st...')
#2 C:\xampp\htdocs\rsci-wh-ewms\app\cron\jda\daemon_pulling_po.php(35): cronEWMS->storeReturnDetail_pick()
#3 {main}
  thrown in C:\xampp\htdocs\rsci-wh-ewms\app\cron\ewms_connection.php on line 91
cron/ewms_connection: mysql:host=localhost;dbname=deve 

 Running method cronEWMS::storeReturnDetail_pick

 CSV FILE: db2_dump/store_return_pick_details_1476779494.csv 

 db2_dump/store_return_pick_details_1476779494.csv 
LOAD DATA LOCAL INFILE 'db2_dump/store_return_pick_details_1476779494.csv'
					IGNORE
			    	INTO TABLE `wms_store_return_pick_details`
			    	FIELDS TERMINATED BY ','
			    		   ENCLOSED BY '\"'
			    		   ESCAPED BY ''
			    	LINES TERMINATED BY '\n'
			    	IGNORE 1 LINES (@so_no, @to_store_code, @upc, @from_store_code, @quantity_to_pick) set move_doc_number=@so_no, to_store_code=@to_store_code, upc=@upc, from_store_code=@from_store_code, delivered_qty=@delivered_qty 

Fatal error: Uncaught exception 'PDOException' with message 'SQLSTATE[42S22]: Column not found: 1054 Unknown column 'upc' in 'field list'' in C:\xampp\htdocs\rsci-wh-ewms\app\cron\ewms_connection.php:91
Stack trace:
#0 C:\xampp\htdocs\rsci-wh-ewms\app\cron\ewms_connection.php(91): PDO->exec('LOAD DATA LOCAL...')
#1 C:\xampp\htdocs\rsci-wh-ewms\app\cron\ewms_cron_class.php(228): eWMSMigration->import('db2_dump/store_...', 'wms_store_retur...', '(@so_no, @to_st...')
#2 C:\xampp\htdocs\rsci-wh-ewms\app\cron\jda\daemon_pulling_po.php(35): cronEWMS->storeReturnDetail_pick()
#3 {main}
  thrown in C:\xampp\htdocs\rsci-wh-ewms\app\cron\ewms_connection.php on line 91
PHP Fatal error:  Uncaught exception 'PDOException' with message 'SQLSTATE[42S22]: Column not found: 1054 Unknown column 'upc' in 'field list'' in C:\xampp\htdocs\rsci-wh-ewms\app\cron\ewms_connection.php:91
Stack trace:
#0 C:\xampp\htdocs\rsci-wh-ewms\app\cron\ewms_connection.php(91): PDO->exec('LOAD DATA LOCAL...')
#1 C:\xampp\htdocs\rsci-wh-ewms\app\cron\ewms_cron_class.php(228): eWMSMigration->import('db2_dump/store_...', 'wms_store_retur...', '(@so_no, @to_st...')
#2 C:\xampp\htdocs\rsci-wh-ewms\app\cron\jda\daemon_pulling_po.php(35): cronEWMS->storeReturnDetail_pick()
#3 {main}
  thrown in C:\xampp\htdocs\rsci-wh-ewms\app\cron\ewms_connection.php on line 91
cron/ewms_connection: mysql:host=localhost;dbname=deve 

 Running method cronEWMS::storeReturnDetail_pick

 CSV FILE: db2_dump/store_return_pick_details_1476779494.csv 

 db2_dump/store_return_pick_details_1476779494.csv 
LOAD DATA LOCAL INFILE 'db2_dump/store_return_pick_details_1476779494.csv'
					IGNORE
			    	INTO TABLE `wms_store_return_pick_details`
			    	FIELDS TERMINATED BY ','
			    		   ENCLOSED BY '\"'
			    		   ESCAPED BY ''
			    	LINES TERMINATED BY '\n'
			    	IGNORE 1 LINES (@so_no, @to_store_code, @upc, @from_store_code, @quantity_to_pick) set move_doc_number=@so_no, to_store_code=@to_store_code, sku=@upc, from_store_code=@from_store_code, delivered_qty=@delivered_qty 

Fatal error: Uncaught exception 'PDOException' with message 'SQLSTATE[42S22]: Column not found: 1054 Unknown column 'delivered_qty' in 'field list'' in C:\xampp\htdocs\rsci-wh-ewms\app\cron\ewms_connection.php:91
Stack trace:
#0 C:\xampp\htdocs\rsci-wh-ewms\app\cron\ewms_connection.php(91): PDO->exec('LOAD DATA LOCAL...')
#1 C:\xampp\htdocs\rsci-wh-ewms\app\cron\ewms_cron_class.php(228): eWMSMigration->import('db2_dump/store_...', 'wms_store_retur...', '(@so_no, @to_st...')
#2 C:\xampp\htdocs\rsci-wh-ewms\app\cron\jda\daemon_pulling_po.php(35): cronEWMS->storeReturnDetail_pick()
#3 {main}
  thrown in C:\xampp\htdocs\rsci-wh-ewms\app\cron\ewms_connection.php on line 91
PHP Fatal error:  Uncaught exception 'PDOException' with message 'SQLSTATE[42S22]: Column not found: 1054 Unknown column 'delivered_qty' in 'field list'' in C:\xampp\htdocs\rsci-wh-ewms\app\cron\ewms_connection.php:91
Stack trace:
#0 C:\xampp\htdocs\rsci-wh-ewms\app\cron\ewms_connection.php(91): PDO->exec('LOAD DATA LOCAL...')
#1 C:\xampp\htdocs\rsci-wh-ewms\app\cron\ewms_cron_class.php(228): eWMSMigration->import('db2_dump/store_...', 'wms_store_retur...', '(@so_no, @to_st...')
#2 C:\xampp\htdocs\rsci-wh-ewms\app\cron\jda\daemon_pulling_po.php(35): cronEWMS->storeReturnDetail_pick()
#3 {main}
  thrown in C:\xampp\htdocs\rsci-wh-ewms\app\cron\ewms_connection.php on line 91
cron/ewms_connection: mysql:host=localhost;dbname=deve 

 Running method cronEWMS::storeReturnDetail_pick

 CSV FILE: db2_dump/store_return_pick_details_1476779494.csv 

 db2_dump/store_return_pick_details_1476779494.csv 
LOAD DATA LOCAL INFILE 'db2_dump/store_return_pick_details_1476779494.csv'
					IGNORE
			    	INTO TABLE `wms_store_return_pick_details`
			    	FIELDS TERMINATED BY ','
			    		   ENCLOSED BY '\"'
			    		   ESCAPED BY ''
			    	LINES TERMINATED BY '\n'
			    	IGNORE 1 LINES (@so_no, @to_store_code, @upc, @from_store_code, @quantity_to_pick) set move_doc_number=@so_no, to_store_code=@to_store_code, sku=@upc, from_store_code=@from_store_code, quantity_to_pick=@quantity_to_pick 
Loaded a total of 786 records from this csv file.

 Running method cronEWMS::storeReturn_return

 CSV FILE: db2_dump/reverse_logistic_det_1476779573.csv 

 db2_dump/reverse_logistic_det_1476779573.csv 
LOAD DATA LOCAL INFILE 'db2_dump/reverse_logistic_det_1476779573.csv'
					IGNORE
			    	INTO TABLE `wms_reverse_logistic`
			    	FIELDS TERMINATED BY ','
			    		   ENCLOSED BY '\"'
			    		   ESCAPED BY ''
			    	LINES TERMINATED BY '\n'
			    	IGNORE 1 LINES (@so_no, @from_store_code, @to_store_code) set so_no=@so_no, to_store_code=@to_store_code, from_store_code=@from_store_code 

Fatal error: Uncaught exception 'PDOException' with message 'SQLSTATE[42S22]: Column not found: 1054 Unknown column 'so_no' in 'field list'' in C:\xampp\htdocs\rsci-wh-ewms\app\cron\ewms_connection.php:91
Stack trace:
#0 C:\xampp\htdocs\rsci-wh-ewms\app\cron\ewms_connection.php(91): PDO->exec('LOAD DATA LOCAL...')
#1 C:\xampp\htdocs\rsci-wh-ewms\app\cron\ewms_cron_class.php(240): eWMSMigration->import('db2_dump/revers...', 'wms_reverse_log...', '(@so_no, @from_...')
#2 C:\xampp\htdocs\rsci-wh-ewms\app\cron\jda\daemon_pulling_po.php(39): cronEWMS->storeReturn_return()
#3 {main}
  thrown in C:\xampp\htdocs\rsci-wh-ewms\app\cron\ewms_connection.php on line 91
PHP Fatal error:  Uncaught exception 'PDOException' with message 'SQLSTATE[42S22]: Column not found: 1054 Unknown column 'so_no' in 'field list'' in C:\xampp\htdocs\rsci-wh-ewms\app\cron\ewms_connection.php:91
Stack trace:
#0 C:\xampp\htdocs\rsci-wh-ewms\app\cron\ewms_connection.php(91): PDO->exec('LOAD DATA LOCAL...')
#1 C:\xampp\htdocs\rsci-wh-ewms\app\cron\ewms_cron_class.php(240): eWMSMigration->import('db2_dump/revers...', 'wms_reverse_log...', '(@so_no, @from_...')
#2 C:\xampp\htdocs\rsci-wh-ewms\app\cron\jda\daemon_pulling_po.php(39): cronEWMS->storeReturn_return()
#3 {main}
  thrown in C:\xampp\htdocs\rsci-wh-ewms\app\cron\ewms_connection.php on line 91
cron/ewms_connection: mysql:host=localhost;dbname=deve 

 Running method cronEWMS::storeReturnDetail_pick

 CSV FILE: db2_dump/store_return_pick_details_1476779494.csv 

 db2_dump/store_return_pick_details_1476779494.csv 
LOAD DATA LOCAL INFILE 'db2_dump/store_return_pick_details_1476779494.csv'
					IGNORE
			    	INTO TABLE `wms_store_return_pick_details`
			    	FIELDS TERMINATED BY ','
			    		   ENCLOSED BY '\"'
			    		   ESCAPED BY ''
			    	LINES TERMINATED BY '\n'
			    	IGNORE 1 LINES (@so_no, @to_store_code, @upc, @from_store_code, @quantity_to_pick) set move_doc_number=@so_no, to_store_code=@to_store_code, sku=@upc, from_store_code=@from_store_code, quantity_to_pick=@quantity_to_pick 
Loaded a total of 786 records from this csv file.

 Running method cronEWMS::storeReturn_return

 CSV FILE: db2_dump/reverse_logistic_det_1476779573.csv 

 db2_dump/reverse_logistic_det_1476779573.csv 
LOAD DATA LOCAL INFILE 'db2_dump/reverse_logistic_det_1476779573.csv'
					IGNORE
			    	INTO TABLE `wms_reverse_logistic`
			    	FIELDS TERMINATED BY ','
			    		   ENCLOSED BY '\"'
			    		   ESCAPED BY ''
			    	LINES TERMINATED BY '\n'
			    	IGNORE 1 LINES (@so_no, @from_store_code, @to_store_code) set move_doc_number=@so_no, to_store_code=@to_store_code, from_store_code=@from_store_code 

Fatal error: Uncaught exception 'PDOException' with message 'SQLSTATE[42S22]: Column not found: 1054 Unknown column 'to_store_code' in 'field list'' in C:\xampp\htdocs\rsci-wh-ewms\app\cron\ewms_connection.php:91
Stack trace:
#0 C:\xampp\htdocs\rsci-wh-ewms\app\cron\ewms_connection.php(91): PDO->exec('LOAD DATA LOCAL...')
#1 C:\xampp\htdocs\rsci-wh-ewms\app\cron\ewms_cron_class.php(240): eWMSMigration->import('db2_dump/revers...', 'wms_reverse_log...', '(@so_no, @from_...')
#2 C:\xampp\htdocs\rsci-wh-ewms\app\cron\jda\daemon_pulling_po.php(39): cronEWMS->storeReturn_return()
#3 {main}
  thrown in C:\xampp\htdocs\rsci-wh-ewms\app\cron\ewms_connection.php on line 91
PHP Fatal error:  Uncaught exception 'PDOException' with message 'SQLSTATE[42S22]: Column not found: 1054 Unknown column 'to_store_code' in 'field list'' in C:\xampp\htdocs\rsci-wh-ewms\app\cron\ewms_connection.php:91
Stack trace:
#0 C:\xampp\htdocs\rsci-wh-ewms\app\cron\ewms_connection.php(91): PDO->exec('LOAD DATA LOCAL...')
#1 C:\xampp\htdocs\rsci-wh-ewms\app\cron\ewms_cron_class.php(240): eWMSMigration->import('db2_dump/revers...', 'wms_reverse_log...', '(@so_no, @from_...')
#2 C:\xampp\htdocs\rsci-wh-ewms\app\cron\jda\daemon_pulling_po.php(39): cronEWMS->storeReturn_return()
#3 {main}
  thrown in C:\xampp\htdocs\rsci-wh-ewms\app\cron\ewms_connection.php on line 91
cron/ewms_connection: mysql:host=localhost;dbname=deve 

 Running method cronEWMS::storeReturn_return

 CSV FILE: db2_dump/reverse_logistic_det_1476779573.csv 

 db2_dump/reverse_logistic_det_1476779573.csv 
LOAD DATA LOCAL INFILE 'db2_dump/reverse_logistic_det_1476779573.csv'
					IGNORE
			    	INTO TABLE `wms_reverse_logistic`
			    	FIELDS TERMINATED BY ','
			    		   ENCLOSED BY '\"'
			    		   ESCAPED BY ''
			    	LINES TERMINATED BY '\n'
			    	IGNORE 1 LINES (@so_no, @from_store_code) set move_doc_number=@so_no,  from_store_code=@from_store_code 
Loaded a total of 215 records from this csv file.

 Running method cronEWMS::storeReturnDetail_return

 CSV FILE: db2_dump/reverse_logistic_det_1476779573.csv 

 db2_dump/reverse_logistic_det_1476779573.csv 
LOAD DATA LOCAL INFILE 'db2_dump/reverse_logistic_det_1476779573.csv'
					IGNORE
			    	INTO TABLE `wms_reverse_logistic_det`
			    	FIELDS TERMINATED BY ','
			    		   ENCLOSED BY '\"'
			    		   ESCAPED BY ''
			    	LINES TERMINATED BY '\n'
			    	IGNORE 1 LINES (@so_no, @upc, @ordered_qty) set so_no=@so_no, upc=@upc, delivered_qty=@delivered_qty 

Fatal error: Uncaught exception 'PDOException' with message 'SQLSTATE[42S22]: Column not found: 1054 Unknown column 'so_no' in 'field list'' in C:\xampp\htdocs\rsci-wh-ewms\app\cron\ewms_connection.php:91
Stack trace:
#0 C:\xampp\htdocs\rsci-wh-ewms\app\cron\ewms_connection.php(91): PDO->exec('LOAD DATA LOCAL...')
#1 C:\xampp\htdocs\rsci-wh-ewms\app\cron\ewms_cron_class.php(251): eWMSMigration->import('db2_dump/revers...', 'wms_reverse_log...', '(@so_no, @upc, ...')
#2 C:\xampp\htdocs\rsci-wh-ewms\app\cron\jda\daemon_pulling_po.php(42): cronEWMS->storeReturnDetail_return()
#3 {main}
  thrown in C:\xampp\htdocs\rsci-wh-ewms\app\cron\ewms_connection.php on line 91
PHP Fatal error:  Uncaught exception 'PDOException' with message 'SQLSTATE[42S22]: Column not found: 1054 Unknown column 'so_no' in 'field list'' in C:\xampp\htdocs\rsci-wh-ewms\app\cron\ewms_connection.php:91
Stack trace:
#0 C:\xampp\htdocs\rsci-wh-ewms\app\cron\ewms_connection.php(91): PDO->exec('LOAD DATA LOCAL...')
#1 C:\xampp\htdocs\rsci-wh-ewms\app\cron\ewms_cron_class.php(251): eWMSMigration->import('db2_dump/revers...', 'wms_reverse_log...', '(@so_no, @upc, ...')
#2 C:\xampp\htdocs\rsci-wh-ewms\app\cron\jda\daemon_pulling_po.php(42): cronEWMS->storeReturnDetail_return()
#3 {main}
  thrown in C:\xampp\htdocs\rsci-wh-ewms\app\cron\ewms_connection.php on line 91
cron/ewms_connection: mysql:host=localhost;dbname=deve 

 Running method cronEWMS::storeReturnDetail_return

 CSV FILE: db2_dump/reverse_logistic_det_1476779573.csv 

 db2_dump/reverse_logistic_det_1476779573.csv 
LOAD DATA LOCAL INFILE 'db2_dump/reverse_logistic_det_1476779573.csv'
					IGNORE
			    	INTO TABLE `wms_reverse_logistic_det`
			    	FIELDS TERMINATED BY ','
			    		   ENCLOSED BY '\"'
			    		   ESCAPED BY ''
			    	LINES TERMINATED BY '\n'
			    	IGNORE 1 LINES (@so_no, @upc, @ordered_qty) set move_doc_number=@so_no, upc=@upc, delivered_qty=@delivered_qty 
Loaded a total of 215 records from this csv file.
Closing pdo connection... 
cron/ewms_connection: mysql:host=localhost;dbname=deve 

 Running method cronEWMS::storeReturnDetail_return

 CSV FILE: db2_dump/reverse_logistic_det_1476779573.csv 

 db2_dump/reverse_logistic_det_1476779573.csv 
LOAD DATA LOCAL INFILE 'db2_dump/reverse_logistic_det_1476779573.csv'
					IGNORE
			    	INTO TABLE `wms_reverse_logistic_det`
			    	FIELDS TERMINATED BY ','
			    		   ENCLOSED BY '\"'
			    		   ESCAPED BY ''
			    	LINES TERMINATED BY '\n'
			    	IGNORE 1 LINES (@so_no, @from_store_code, @upc, @ordered_qty) set move_doc_number=@so_no, from_store_code=@from_store_code, upc=@upc, delivered_qty=@delivered_qty 

Fatal error: Uncaught exception 'PDOException' with message 'SQLSTATE[42S22]: Column not found: 1054 Unknown column 'from_store_code' in 'field list'' in C:\xampp\htdocs\rsci-wh-ewms\app\cron\ewms_connection.php:91
Stack trace:
#0 C:\xampp\htdocs\rsci-wh-ewms\app\cron\ewms_connection.php(91): PDO->exec('LOAD DATA LOCAL...')
#1 C:\xampp\htdocs\rsci-wh-ewms\app\cron\ewms_cron_class.php(251): eWMSMigration->import('db2_dump/revers...', 'wms_reverse_log...', '(@so_no, @from_...')
#2 C:\xampp\htdocs\rsci-wh-ewms\app\cron\jda\daemon_pulling_po.php(42): cronEWMS->storeReturnDetail_return()
#3 {main}
  thrown in C:\xampp\htdocs\rsci-wh-ewms\app\cron\ewms_connection.php on line 91
PHP Fatal error:  Uncaught exception 'PDOException' with message 'SQLSTATE[42S22]: Column not found: 1054 Unknown column 'from_store_code' in 'field list'' in C:\xampp\htdocs\rsci-wh-ewms\app\cron\ewms_connection.php:91
Stack trace:
#0 C:\xampp\htdocs\rsci-wh-ewms\app\cron\ewms_connection.php(91): PDO->exec('LOAD DATA LOCAL...')
#1 C:\xampp\htdocs\rsci-wh-ewms\app\cron\ewms_cron_class.php(251): eWMSMigration->import('db2_dump/revers...', 'wms_reverse_log...', '(@so_no, @from_...')
#2 C:\xampp\htdocs\rsci-wh-ewms\app\cron\jda\daemon_pulling_po.php(42): cronEWMS->storeReturnDetail_return()
#3 {main}
  thrown in C:\xampp\htdocs\rsci-wh-ewms\app\cron\ewms_connection.php on line 91
cron/ewms_connection: mysql:host=localhost;dbname=deve 

 Running method cronEWMS::storeReturnDetail_return

 CSV FILE: db2_dump/reverse_logistic_det_1476779573.csv 

 db2_dump/reverse_logistic_det_1476779573.csv 
LOAD DATA LOCAL INFILE 'db2_dump/reverse_logistic_det_1476779573.csv'
					IGNORE
			    	INTO TABLE `wms_reverse_logistic_det`
			    	FIELDS TERMINATED BY ','
			    		   ENCLOSED BY '\"'
			    		   ESCAPED BY ''
			    	LINES TERMINATED BY '\n'
			    	IGNORE 1 LINES (@so_no, @from_store_code, @upc, @ordered_qty) set move_doc_number=@so_no,  upc=@upc, delivered_qty=@delivered_qty 
Loaded a total of 215 records from this csv file.
Closing pdo connection... 
cron/ewms_connection: mysql:host=localhost;dbname=deve 

 Running method cronEWMS::storeReturnDetail_return

 CSV FILE: db2_dump/reverse_logistic_det_1476779573.csv 

 db2_dump/reverse_logistic_det_1476779573.csv 
LOAD DATA LOCAL INFILE 'db2_dump/reverse_logistic_det_1476779573.csv'
					IGNORE
			    	INTO TABLE `wms_reverse_logistic_det`
			    	FIELDS TERMINATED BY ','
			    		   ENCLOSED BY '\"'
			    		   ESCAPED BY ''
			    	LINES TERMINATED BY '\n'
			    	IGNORE 1 LINES (@so_no, @from_store_code, @upc, @ordered_qty) set move_doc_number=@so_no,  upc=@upc, delivered_qty=@ordered_qty 
Loaded a total of 215 records from this csv file.
Closing pdo connection... 
cron/ewms_connection: mysql:host=localhost;dbname=deve 

 Running method cronEWMS::storeReturnDetail_return

 CSV FILE: db2_dump/reverse_logistic_det_1476779573.csv 

 db2_dump/reverse_logistic_det_1476779573.csv 
LOAD DATA LOCAL INFILE 'db2_dump/reverse_logistic_det_1476779573.csv'
					IGNORE
			    	INTO TABLE `wms_reverse_logistic_det`
			    	FIELDS TERMINATED BY ','
			    		   ENCLOSED BY '\"'
			    		   ESCAPED BY ''
			    	LINES TERMINATED BY '\n'
			    	IGNORE 1 LINES (@so_no, @from_store_code, @upc, @delivered_qty) set move_doc_number=@so_no,  upc=@upc, delivered_qty=@delivered_qty 
Loaded a total of 215 records from this csv file.
Closing pdo connection... 

Parse error: syntax error, unexpected '/' in C:\xampp\htdocs\rsci-wh-ewms\app\cron\jda\daemon_pulling_po.php on line 24
PHP Parse error:  syntax error, unexpected '/' in C:\xampp\htdocs\rsci-wh-ewms\app\cron\jda\daemon_pulling_po.php on line 24
cron/ewms_connection: mysql:host=localhost;dbname=deve 

 Running method cronEWMS::storeReturnDetail

 CSV FILE: db2_dump/store_return_detail_1476778577.csv 

 db2_dump/store_return_detail_1476778577.csv 
LOAD DATA LOCAL INFILE 'db2_dump/store_return_detail_1476778577.csv'
					IGNORE
			    	INTO TABLE `wms_store_return_detail`
			    	FIELDS TERMINATED BY ','
			    		   ENCLOSED BY '\"'
			    		   ESCAPED BY ''
			    	LINES TERMINATED BY '\n'
			    	IGNORE 1 LINES (@so_no, @sku, @delivered_qty) set so_no=@so_no, sku=@sku, delivered_qty=@delivered_qty 
Loaded a total of 575 records from this csv file.
Closing pdo connection... 
cron/ewms_connection: mysql:host=localhost;dbname=deve 

 Running method cronEWMS::storeReturn

 CSV FILE: db2_dump/store_return_header_1476778524.csv 

 db2_dump/store_return_header_1476778524.csv 
LOAD DATA LOCAL INFILE 'db2_dump/store_return_header_1476778524.csv'
					IGNORE
			    	INTO TABLE `wms_store_return`
			    	FIELDS TERMINATED BY ','
			    		   ENCLOSED BY '\"'
			    		   ESCAPED BY ''
			    	LINES TERMINATED BY '\n'
			    	IGNORE 1 LINES (@so_no, @from_store_code, @to_store_code) set so_no=@so_no, from_store_code=@from_store_code, to_store_code=@to_store_code 
Loaded a total of 2 records from this csv file.

 Running method cronEWMS::storeReturnDetail

 CSV FILE: db2_dump/store_return_detail_1476778577.csv 

 db2_dump/store_return_detail_1476778577.csv 
LOAD DATA LOCAL INFILE 'db2_dump/store_return_detail_1476778577.csv'
					IGNORE
			    	INTO TABLE `wms_store_return_detail`
			    	FIELDS TERMINATED BY ','
			    		   ENCLOSED BY '\"'
			    		   ESCAPED BY ''
			    	LINES TERMINATED BY '\n'
			    	IGNORE 1 LINES (@so_no, @sku, @delivered_qty) set so_no=@so_no, sku=@sku, delivered_qty=@delivered_qty 
Loaded a total of 575 records from this csv file.
Closing pdo connection... 
cron/ewms_connection: mysql:host=localhost;dbname=deve 

 Running method cronEWMS::storeReturnDetail

 CSV FILE: db2_dump/store_return_detail_1476778577.csv 

 db2_dump/store_return_detail_1476778577.csv 
LOAD DATA LOCAL INFILE 'db2_dump/store_return_detail_1476778577.csv'
					IGNORE
			    	INTO TABLE `wms_store_return_detail`
			    	FIELDS TERMINATED BY ','
			    		   ENCLOSED BY '\"'
			    		   ESCAPED BY ''
			    	LINES TERMINATED BY '\n'
			    	IGNORE 1 LINES (@so_no, @sku, @delivered_qty) set so_no=@so_no, sku=@sku, delivered_qty=@delivered_qty 
Loaded a total of 575 records from this csv file.
Closing pdo connection... 
