[2014-05-27 13:33:13] ERROR:  with message Location entered is invalid 
[2014-05-27 13:33:20] ERROR:  with message Location entered is invalid 
[2014-05-27 13:33:31] ERROR:  with message Location entered is invalid 
[2014-05-27 13:34:22] ERROR:  with message "Location entered is invalid" 
[2014-05-27 13:34:26] ERROR:  with message "Location entered is invalid" 
[2014-05-27 13:44:10] ERROR: letdown::checkResponse with message "Location entered is invalid" 
[2014-05-27 14:13:07] ERROR: letdown::checkResponse with message "" 
[2014-05-27 16:14:28] ERROR: letdown::checkResponse with message "Move document does not exist" 
[2014-05-27 18:21:48] ERROR: letdown::checkResponse with message "Status code of move transaction is not 'open'" 
[2014-05-28 10:09:15] ERROR: letdown::enterForm with message "The completion time cannot be before the assign time" 
[2014-05-28 10:14:43] ERROR: letdown::enterForm with message "The completion time cannot be before the assign time" 
[2014-05-28 11:01:31] ERROR: letdown::checkResponse with message "Move document does not exist" 
[2014-05-28 14:18:53] ERROR: poClosing::checkReceiverNumber with message "Receiver is already being received by another user" 
[2014-06-18 07:51:06] ERROR: poReceiving::checkReceiverNumber with message "{$receiver_no}: This receiver number does not exist" 
[2014-06-18 07:51:07] ERROR: poReceiving::checkReceiverNumber with message "{$receiver_no}: This receiver number does not exist" 
[2014-06-18 07:55:51] ERROR: poReceiving::checkReceiverNumber with message "{$receiver_no}: This receiver number does not exist" 
[2014-06-18 07:55:52] ERROR: poReceiving::checkReceiverNumber with message "{$receiver_no}: This receiver number does not exist" 
[2014-06-18 07:57:18] ERROR: poReceiving::checkReceiverNumber with message "{$receiver_no}: This receiver number does not exist" 
[2014-06-18 07:57:19] ERROR: poReceiving::checkReceiverNumber with message "{$receiver_no}: This receiver number does not exist" 
[2014-06-18 07:59:32] ERROR: poReceiving::checkReceiverNumber with message "10151: This receiver number does not exist" 
[2014-06-18 07:59:33] ERROR: poReceiving::checkReceiverNumber with message "10605: This receiver number does not exist" 
[2014-06-18 08:02:35] ERROR: poReceiving::checkReceiverNumber with message "20110: Receipt is already being processed through 'RF' or 'single'." 
[2014-06-18 08:18:37] ERROR: poReceiving::checkReceiverNumber with message "20110: Receipt is already being processed through 'RF' or 'single'." 
[2014-06-18 08:20:01] ERROR: poReceiving::checkReceiverNumber with message "20110: Receipt is already being processed through 'RF' or 'single'." 
[2014-06-18 08:25:24] ERROR: poReceiving::checkReceiverNumber with message "20110: Receipt is already being processed through 'RF' or 'single'." 
[2014-06-18 08:25:25] ERROR: poReceiving::checkReceiverNumber with message "20239: Receiver is already being received by another user" 
[2014-06-18 08:26:25] ERROR: poReceiving::checkReceiverNumber with message "20110: Receipt is already being processed through 'RF' or 'single'." 
[2014-06-18 08:45:50] ERROR: poClosing::checkReceiverNumber with message "Array: This receiver number does not exist" 
[2014-06-18 08:45:51] ERROR: poClosing::checkReceiverNumber with message "Array: This receiver number does not exist" 
[2014-06-18 08:45:52] ERROR: poClosing::checkReceiverNumber with message "Array: This receiver number does not exist" 
[2014-06-18 08:52:30] ERROR: poClosing::checkReceiverNumber with message "Array: This receiver number does not exist" 
[2014-06-18 08:52:31] ERROR: poClosing::checkReceiverNumber with message "Array: This receiver number does not exist" 
[2014-06-18 08:52:32] ERROR: poClosing::checkReceiverNumber with message "Array: This receiver number does not exist" 
[2014-06-18 08:54:14] ERROR: poClosing::checkReceiverNumber with message "20110: Receipt is already being processed through 'RF' or 'single'." 
[2014-06-18 11:59:55] ERROR: putawayReserve::checkResponse with message "900294: Cannot move between two identical slots" 
[2014-06-18 12:00:03] ERROR: putawayReserve::checkResponse with message "900297: Cannot move between two identical slots" 
[2014-06-18 12:12:13] ERROR: putawayReserve::checkResponse with message "900293: Quantity requested to move exceeds quantity available" 
[2014-06-18 12:12:21] ERROR: putawayReserve::checkResponse with message "1AOA12: Slot not valid for this warehouse" 
[2014-06-18 12:12:28] ERROR: putawayReserve::checkResponse with message "1AOA12: Slot not valid for this warehouse" 
[2014-06-18 12:19:37] ERROR: putawayReserve::checkResponse with message "900293: Quantity requested to move exceeds quantity available" 
[2014-06-18 12:19:44] ERROR: putawayReserve::checkResponse with message "1AOA12: Slot not valid for this warehouse" 
[2014-06-18 12:19:51] ERROR: putawayReserve::checkResponse with message "1AOA12: Slot not valid for this warehouse" 
[2014-06-18 12:20:54] ERROR: putawayReserve::checkResponse with message "900293: Quantity requested to move exceeds quantity available" 
[2014-06-18 12:21:01] ERROR: putawayReserve::checkResponse with message "1AOA12: Slot not valid for this warehouse" 
[2014-06-18 12:21:08] ERROR: putawayReserve::checkResponse with message "1AOA12: Slot not valid for this warehouse" 
[2014-06-18 12:26:15] ERROR: putawayReserve::checkResponse with message "900293: Quantity requested to move exceeds quantity available" 
[2014-06-18 12:26:22] ERROR: putawayReserve::checkResponse with message "1AOA12: Slot not valid for this warehouse" 
[2014-06-18 12:26:29] ERROR: putawayReserve::checkResponse with message "1AOA12: Slot not valid for this warehouse" 
[2014-06-19 05:59:24] ERROR: putawayReserve::checkResponse with message "900293: Quantity requested to move exceeds quantity available" 
[2014-06-19 05:59:32] ERROR: putawayReserve::checkResponse with message "1AOA12: Slot not valid for this warehouse" 
[2014-06-19 05:59:39] ERROR: putawayReserve::checkResponse with message "1AOA12: Slot not valid for this warehouse" 
[2014-06-19 05:59:46] ERROR: putawayReserve::checkResponse with message "2AOC21: Slot not valid for this warehouse" 
[2014-06-19 06:12:23] ERROR: putawayReserve::checkResponse with message "1AOA12: Slot not valid for this warehouse" 
[2014-06-19 06:15:08] ERROR: putawayReserve::checkResponse with message "1AOA12: Slot not valid for this warehouse" 
[2014-06-19 06:15:16] ERROR: putawayReserve::checkResponse with message "1AOA12: Slot not valid for this warehouse" 
[2014-06-19 06:19:00] ERROR: putawayReserve::checkResponse with message "1AOA12: Slot not valid for this warehouse" 
[2014-06-19 06:19:08] ERROR: putawayReserve::checkResponse with message "1AOA12: Slot not valid for this warehouse" 
[2014-06-19 06:19:16] ERROR: putawayReserve::checkResponse with message "2AOC21: Slot not valid for this warehouse" 
[2014-06-19 06:51:21] ERROR: poClosing::checkReceiverNumber with message "20114: Receipt is already being processed through 'RF' or 'single'." 
[2014-06-19 07:02:27] ERROR: poClosing::checkReceiverNumber with message "Array: This receiver number does not exist" 
[2014-06-19 07:03:52] ERROR: poClosing::checkReceiverNumber with message "20114: Receipt is already being processed through 'RF' or 'single'." 
[2014-06-19 07:08:35] ERROR: poReceiving::checkReceiverNumber with message "20114: Receipt is already being processed through 'RF' or 'single'." 
[2014-06-19 07:10:14] ERROR: poReceiving::checkReceiverNumber with message "20114: Receipt is already being processed through 'RF' or 'single'." 
[2014-06-19 07:27:13] ERROR: letdown::enterForm with message "The completion time cannot be before the assign time" 
[2014-06-19 08:15:18] ERROR: palletizingStep1::checkResponse with message "ASD110001: This carton id is invalid" 
[2014-06-19 08:15:20] ERROR: palletizingStep1::checkResponse with message "ASD110001: This is a new record. Press F1 to bypass record add" 
[2014-06-19 08:18:32] ERROR: palletizingStep1::checkResponse with message "jda01: This carton id is invalid" 
[2014-06-19 08:32:02] ERROR: palletizingStep1::checkResponse with message "dean: This carton id is invalid" 
[2014-06-19 08:32:04] ERROR: palletizingStep1::checkResponse with message "dean: This is a new record. Press F1 to bypass record add" 
[2014-06-19 08:53:26] ERROR: palletizingStep1::checkResponse with message "dean: This carton id is invalid" 
[2014-06-19 08:53:28] ERROR: palletizingStep1::checkResponse with message "dean: This is a new record. Press F1 to bypass record add" 
[2014-06-19 08:59:48] ERROR: picklist::checkResponse with message "305: F5 to accept quantity greater than requested" 
[2014-06-19 09:11:04] ERROR: picklist::checkResponse with message "311: F5 to accept quantity greater than requested" 
[2014-06-19 09:11:19] ERROR: picklist::checkResponse with message "304: F5 to accept quantity greater than requested" 
[2014-06-19 09:20:56] ERROR: palletizingStep1::checkResponse with message "dean: This carton id is invalid" 
[2014-06-19 09:20:58] ERROR: palletizingStep1::checkResponse with message "dean: This is a new record. Press F1 to bypass record add" 
[2014-06-19 09:33:04] ERROR: palletizingStep1::checkResponse with message "dean: This carton id is invalid" 
[2014-06-19 09:33:05] ERROR: palletizingStep1::checkResponse with message "dean: This is a new record. Press F1 to bypass record add" 
[2014-06-19 09:37:10] ERROR: palletizingStep2::checkResponse with message "PT0000002: The pallet id number must be entered" 
[2014-06-19 09:56:01] ERROR: palletizingStep4::checkResponse with message "jda01: WHS0165: ID is already assigned to this pallet" 
[2014-06-19 10:40:54] ERROR: palletizingStep5::checkResponse with message "LD0000001: WRF0170: The selected id is not in load status" 
[2014-06-19 10:43:09] ERROR: palletizingStep5::checkResponse with message "LD0000001: WRF0170: The selected id is not in load status" 
[2014-06-19 10:43:13] ERROR: palletizingStep5::checkResponse with message "LD0000002: WRF0170: The selected id is not in load status" 
[2014-06-20 11:12:02] ERROR: palletizingStep1::checkResponse with message "eco2: This carton id is invalid" 
[2014-06-20 11:12:06] ERROR: palletizingStep1::checkResponse with message "ecotest1: This carton id is invalid" 
[2014-06-20 11:22:11] ERROR: palletizingStep4::checkResponse with message "eco2: WHS0173: Carton ID not on file" 
[2014-06-20 11:22:16] ERROR: palletizingStep4::checkResponse with message "ecotest1: WHS0173: Carton ID not on file" 
[2014-06-20 12:00:41] ERROR: palletizingStep6::checkResponse with message "LD0000003: WRF0134: The load id does not exist" 
[2014-06-20 12:03:59] ERROR: palletizingStep6::checkResponse with message "LD0000004: WRF0134: The load id does not exist" 
[2014-06-20 12:06:06] ERROR: palletizingStep6::checkResponse with message "LD0000003: WRF0134: The load id does not exist" 
[2014-06-20 12:06:11] ERROR: palletizingStep6::checkResponse with message "LD0000004: WRF0134: The load id does not exist" 
[2014-06-20 12:07:24] ERROR: palletizingStep6::checkResponse with message "LD0000005: WRF0134: The load id does not exist" 
[2014-06-20 12:07:30] ERROR: palletizingStep6::checkResponse with message "LD0000006: WRF0134: The load id does not exist" 
[2014-06-20 12:44:57] ERROR: storeReceiving::checkResponse with message "43EW: Carton ID not valid" 
[2014-06-20 12:50:37] ERROR: storeReceiving::checkResponse with message "43EW: Carton ID not valid" 
[2014-06-20 12:50:39] ERROR: storeReceiving::checkResponse with message "eco2: Carton ID not valid" 
[2014-06-20 12:53:22] ERROR: storeReceiving::checkResponse with message "43EW: Carton ID not valid" 
[2014-06-20 12:54:53] ERROR: storeReceiving::checkResponse with message "eco2: The carton status is not correct for receiving" 
[2014-06-20 12:55:40] ERROR: storeReceiving::checkResponse with message "43EW: Carton ID not valid" 
[2014-06-20 12:55:42] ERROR: storeReceiving::checkResponse with message "eco2: The carton status is not correct for receiving" 
[2014-06-20 13:00:49] ERROR: palletizingStep6::checkResponse with message "LD0000006: WRF0134: The load id does not exist" 
[2014-06-20 13:00:54] ERROR: palletizingStep6::checkResponse with message "LD0000007: WRF0135: The load id must not be in a closed status" 
[2014-06-20 14:21:46] ERROR: storeReceiving::checkResponse with message "JERICO: Carton ID not valid" 
