5583
6572
7641
7932
9251
9930
11981
12145
12811
12965
14234
16129
18968
21039
2245
9683
12423
15104
6218
6292
14709
14805
29732
29882
1639
9198
21100
6362
6365
8016
8059
8675
8677
12040
12066
12413
12438
13176
13200
14050
14074
15303
15340
15647
17204
17214
17226
17239
17241
17247
18289
18561
18838
19371
19475
11165
11189
12371
12588
13193
13721
3276
13957
14378
15805
15833
16162
16174
16189
16193
16204
16207
16220
16223
16232
16235
16243
16252
16254
16258
16260
16263
16266
16268
16270
16272
16275
16277
16279
16281
16283
16286
16288
16290
16292
16294
16301
16305
16322
16324
16326
16328
16332
16334
16409
16412
16414
16416
16418
16420
16422
16424
16426
16428
16430
16432
16436
16438
16441
16443
16445
16447
16685
16697
16699
16701
16724
16732
16734
16737
16746
16748
16750
16752
16754
16756
16759
16761
16764
16766
16768
16773
16775
16779
16781
16784
16786
16788
16790
16792
16794
16796
16798
16800
16802
16804
16808
16810
16812
16814
16816
16818
16820
16823
16825
16827
16829
16831
16833
16835
16838
16840
16842
16844
16848
16850
16853
16855
16857
16859
16861
16863
16865
16867
16869
16871
16873
16875
16877
16879
16881
16883
16885
16887
16890
16892
16894
16896
16898
16900
16902
16905
16907
16910
16912
16915
16917
16920
16922
16924
16926
16930
16968
16970
16973
16975
16977
16979
16982
16984
16986
16988
16990
16992
16995
16997
16999
17001
17003
17006
17008
17010
17013
17015
17017
17019
17021
17023
17025
17027
17029
17031
17033
17036
17038
17040
17043
17045
17048
17050
17052
17056
17058
17060
17062
17065
17068
17070
17072
17074
17077
17079
17081
17083
17085
17087
17089
17091
17093
17095
17097
17099
17101
17103
17105
17107
17109
17111
17113
17115
17117
17119
17121
17123
17125
17127
17129
17131
17133
17135
17137
17139
17141
17143
17145
17147
17149
17151
17155
17157
17159
17161
17164
17166
17169
17171
17173
17175
17177
17179
17181
17183
17186
17188
17190
17192
17194
17196
17198
17200
17202
17204
17206
17208
17210
17212
17214
17216
17218
17220
17222
17224
17226
17228
17230
17232
17234
17236
17238
17240
17242
17244
17248
17250
17252
17254
17257
17259
17261
17263
17266
17268
17270
17272
17274
17276
17278
17280
17282
17284
17286
17289
17291
17294
17296
17298
17300
17302
17306
17308
17310
17312
17314
17316
17318
17320
17322
17324
17326
17328
17330
17332
17334
17336
17338
17340
17342
17344
17346
17348
17350
17352
17354
17358
17360
17362
17364
17366
17369
17371
17373
17375
17377
17379
17381
17384
17386
17388
17390
17392
17394
17396
17398
17400
17402
17404
17406
17408
17410
17412
17414
17416
17418
17420
17422
17424
17426
17428
17431
17433
17436
17438
17440
17442
17444
17446
17448
17451
17453
17455
17457
17459
17461
17463
17465
17467
17469
17471
17473
17477
17515
17517
17519
17522
17524
17526
17528
17530
17532
17534
17536
17538
17540
17542
17544
17546
17551
17553
17555
17557
17559
17561
17563
17566
17568
17570
17572
17574
17576
17578
17580
17582
17584
17586
17588
17590
17592
17594
17596
17598
17600
17602
17604
17606
17608
17610
17612
17614
17616
17618
17620
17622
17625
17627
17629
17633
17636
17638
17640
17643
17646
17648
17650
17652
17654
17656
17658
17660
17662
17664
17666
17668
17670
17672
17674
17676
17678
17680
17682
17684
17686
17688
17690
17692
17694
17696
17698
17700
17702
17704
17706
17708
17710
17712
17714
17716
17718
17720
17722
17724
17726
17728
17730
17732
17735
17737
17739
17741
17743
17745
17747
17749
17751
17753
17757
17759
17761
17765
17767
17769
17771
17773
17775
17777
17779
17781
17783
17785
17787
17789
17791
17793
17795
17797
17799
17801
17803
17805
17809
17810
17812
17814
17816
17818
17820
17822
17824
17826
17828
17830
17832
17834
17836
17838
17840
17842
17844
17846
17849
17851
17853
17855
17857
17859
17861
17863
17865
17867
17869
17871
17873
17875
17877
17879
17883
17885
17887
17889
17891
17894
17896
17898
17900
17902
17904
17906
17908
17911
17913
17915
17917
17919
17921
17923
17925
17927
17929
17931
17933
17935
17937
17939
17941
17943
17945
17947
17949
17951
17953
17955
17957
17959
17961
17963
17965
17968
17970
17972
17974
17976
17978
17980
17982
17984
17986
17988
17990
17992
17994
17996
18000
18002
18004
18006
18008
18010
18013
18015
18017
18019
18021
18023
18025
18027
18029
18031
18033
18035
18037
18039
18041
18043
18045
18047
18049
18051
18053
18055
18057
18059
18061
18063
18065
18067
18069
18071
18073
18075
18077
18079
18081
18083
18085
18087
18089
18091
18093
18095
18097
18099
18101
18103
18105
18107
18110
18112
18114
18118
18120
18122
18160
18163
18165
18167
18169
18171
18173
18175
18177
18179
18181
18183
18185
18187
18189
18191
18193
18195
18197
18199
18201
18203
18205
18207
18210
18212
18214
18216
18218
18220
18222
18224
18226
18228
18230
18232
18234
18236
18238
18240
18242
18244
18246
18250
18252
18254
18256
18259
18261
18263
18265
18267
18269
18271
18273
18275
18277
18279
18281
18283
18285
18287
18290
18292
18294
18296
18298
18300
18302
18304
18306
18308
18310
18312
18314
18316
18318
18320
18323
18325
18327
18329
18331
18333
18336
18338
18340
18342
18344
18346
18350
18352
18354
18357
18359
18361
18363
18365
18367
18369
18371
18373
18375
18378
18380
18382
18384
18386
18388
18390
18393
18395
18397
18399
18401
18403
18405
18407
18409
18411
18413
18415
18417
18419
18421
18423
18425
18427
18429
18431
18435
18437
18439
18442
18444
18446
18448
18451
18453
18455
18457
18459
18462
18464
18466
18468
18470
18472
18474
18476
18478
18480
18482
18484
18486
18488
18490
18492
18494
18496
18498
18500
18502
18504
18506
18508
18510
18513
18515
18518
18520
18522
18524
18526
18528
18530
18532
18534
18538
18540
18542
18544
18547
18549
18551
18553
18555
18557
18559
18561
18563
18565
18567
18569
18571
18573
18575
18577
18579
18581
18583
18585
18587
18589
18592
18594
18596
18598
18600
18602
18604
18606
18608
18610
18612
18614
18616
18618
18622
18660
18662
18664
18667
18669
18671
18673
18675
18677
18679
18681
18683
18685
18688
18690
18692
18694
18696
18698
18700
18702
18704
18706
18708
18710
18712
18714
18716
18718
18720
18723
18725
18727
18729
18731
18733
18735
18737
18739
18741
18743
18747
18749
18751
18753
18756
18758
18760
18762
18764
18766
18768
18771
18773
18775
18777
18779
18781
18783
18785
18787
18789
18791
18793
18795
18797
18801
18803
18805
18807
18812
18815
18817
18819
18821
18823
18825
18828
18830
18832
18835
18837
18839
18841
18843
18845
18847
18850
18852
18854
18856
18859
18861
18863
18865
18867
18869
18871
18873
18875
18877
18882
18884
18888
18891
21392
21966
14596
15231
18871
19313
19337
19357
19385
19501
19529
20295
23012
23047
23068
23097
23132
23168
26179
26511
26535
26557
26589
26621
26648
28217
29482
30348
32194
1541
1695
1727
1750
1774
1957
1988
2772
2982
3009
3038
3091
3130
3160
4298
4494
4522
4545
4583
4651
4680
5722
5771
5797
5818
5957
5994
6023
6743
6805
6839
6865
6900
7078
7104
7731
7915
7926
7928
7933
7935
7941
11903
11905
11913
11915
11920
11922
11928
6803
6896
6928
6947
6970
7005
7031
7682
7764
7789
7809
7833
7865
7889
12450
13360
13857
14515
15176
15591
16402
16451
16481
16503
16535
16571
16677
20454
20675
20704
20706
20708
20714
20895
